
synpwrap -msg -prj "slova_impl1_synplify.tcl" -log "slova_impl1.srf"
Copyright (C) 1992-2019 Lattice Semiconductor Corporation. All rights reserved.
Lattice Diamond Version 3.11.0.396.4
    <postMsg mid="2011000" type="Info"    dynamic="0" navigation="0"  />

==contents of slova_impl1.srf
#Build: Synplify Pro (R) N-2018.03L-SP1-1, Build 443R, Apr  1 2019
#install: C:\lscc\diamond\3.11_x64\synpbase
#OS: Windows 8 6.2
#Hostname: DESKTOP-PNMJ1CD

# Wed Dec  2 23:22:11 2020

#Implementation: impl1


Copyright (C) 1994-2018 Synopsys, Inc.
This Synopsys software and all associated documentation are proprietary to Synopsys, Inc.
and may only be used pursuant to the terms and conditions of a written license agreement
with Synopsys, Inc. All other use, reproduction, modification, or distribution of the
Synopsys software or the associated documentation is strictly prohibited.
Tool: Synplify Pro (R)
Build: N-2018.03L-SP1-1
Install: C:\lscc\diamond\3.11_x64\synpbase
OS: Windows 6.2

Hostname: DESKTOP-PNMJ1CD

Implementation : impl1
Synopsys HDL Compiler, Version comp2018q2p1, Build 461R, Built Apr  1 2019 09:17:43

@N|Running in 64-bit mode

Copyright (C) 1994-2018 Synopsys, Inc.
This Synopsys software and all associated documentation are proprietary to Synopsys, Inc.
and may only be used pursuant to the terms and conditions of a written license agreement
with Synopsys, Inc. All other use, reproduction, modification, or distribution of the
Synopsys software or the associated documentation is strictly prohibited.
Tool: Synplify Pro (R)
Build: N-2018.03L-SP1-1
Install: C:\lscc\diamond\3.11_x64\synpbase
OS: Windows 6.2

Hostname: DESKTOP-PNMJ1CD

Implementation : impl1
Synopsys VHDL Compiler, Version comp2018q2p1, Build 461R, Built Apr  1 2019 09:17:43

@N|Running in 64-bit mode
@N:"C:\Users\boris\slova\slova.vhd":4:7:4:11|Top entity is set to slova.
File C:\Users\boris\slova\slova.vhd changed - recompiling
VHDL syntax check successful!
File C:\Users\boris\slova\slova.vhd changed - recompiling
@N: CD630 :"C:\Users\boris\slova\slova.vhd":4:7:4:11|Synthesizing work.slova.behavioral.
@N: CD630 :"C:\Users\boris\slova\brojke.vhd":4:7:4:12|Synthesizing work.brojke.behavioral.
Post processing for work.brojke.behavioral
Running optimization stage 1 on brojke .......
@N: CD630 :"C:\Users\boris\slova\serial_tx.vhd":34:7:34:15|Synthesizing work.serial_tx.behavioral.
Post processing for work.serial_tx.behavioral
Running optimization stage 1 on serial_tx .......
Post processing for work.slova.behavioral
Running optimization stage 1 on slova .......
Running optimization stage 2 on serial_tx .......
Running optimization stage 2 on brojke .......
Running optimization stage 2 on slova .......
@W: CL246 :"C:\Users\boris\slova\slova.vhd":10:1:10:2|Input port bits 3 to 1 of sw(3 downto 0) are unused. Assign logic for all port bits or change the input port size.

For a summary of runtime and memory usage per design unit, please see file:
==========================================================
@L: C:\Users\boris\slova\impl1\synwork\layer0.rt.csv


At c_vhdl Exit (Real Time elapsed 0h:00m:00s; CPU Time elapsed 0h:00m:00s; Memory used current: 77MB peak: 79MB)

Process took 0h:00m:01s realtime, 0h:00m:01s cputime

Process completed successfully.
# Wed Dec  2 23:22:11 2020

###########################################################]

Copyright (C) 1994-2018 Synopsys, Inc.
This Synopsys software and all associated documentation are proprietary to Synopsys, Inc.
and may only be used pursuant to the terms and conditions of a written license agreement
with Synopsys, Inc. All other use, reproduction, modification, or distribution of the
Synopsys software or the associated documentation is strictly prohibited.
Tool: Synplify Pro (R)
Build: N-2018.03L-SP1-1
Install: C:\lscc\diamond\3.11_x64\synpbase
OS: Windows 6.2

Hostname: DESKTOP-PNMJ1CD

Implementation : impl1
Synopsys Synopsys Netlist Linker, Version comp2018q2p1, Build 461R, Built Apr  1 2019 09:17:43

@N|Running in 64-bit mode
File C:\Users\boris\slova\impl1\synwork\layer0.srs changed - recompiling

At syn_nfilter Exit (Real Time elapsed 0h:00m:00s; CPU Time elapsed 0h:00m:00s; Memory used current: 67MB peak: 68MB)

Process took 0h:00m:01s realtime, 0h:00m:01s cputime

Process completed successfully.
# Wed Dec  2 23:22:11 2020

###########################################################]

For a summary of runtime and memory usage for all design units, please see file:
==========================================================
@L: C:\Users\boris\slova\impl1\synwork\slova_impl1_comp.rt.csv

@END

At c_hdl Exit (Real Time elapsed 0h:00m:00s; CPU Time elapsed 0h:00m:00s; Memory used current: 3MB peak: 4MB)

Process took 0h:00m:01s realtime, 0h:00m:01s cputime

Process completed successfully.
# Wed Dec  2 23:22:11 2020

###########################################################]

Copyright (C) 1994-2018 Synopsys, Inc.
This Synopsys software and all associated documentation are proprietary to Synopsys, Inc.
and may only be used pursuant to the terms and conditions of a written license agreement
with Synopsys, Inc. All other use, reproduction, modification, or distribution of the
Synopsys software or the associated documentation is strictly prohibited.
Tool: Synplify Pro (R)
Build: N-2018.03L-SP1-1
Install: C:\lscc\diamond\3.11_x64\synpbase
OS: Windows 6.2

Hostname: DESKTOP-PNMJ1CD

Database state : C:\Users\boris\slova\impl1\synwork\|impl1
Synopsys Synopsys Netlist Linker, Version comp2018q2p1, Build 461R, Built Apr  1 2019 09:17:43

@N|Running in 64-bit mode
File C:\Users\boris\slova\impl1\synwork\slova_impl1_comp.srs changed - recompiling

At syn_nfilter Exit (Real Time elapsed 0h:00m:00s; CPU Time elapsed 0h:00m:00s; Memory used current: 67MB peak: 68MB)

Process took 0h:00m:01s realtime, 0h:00m:01s cputime

Process completed successfully.
# Wed Dec  2 23:22:13 2020

###########################################################]
Premap Report

# Wed Dec  2 23:22:13 2020


Copyright (C) 1994-2018 Synopsys, Inc.
This Synopsys software and all associated documentation are proprietary to Synopsys, Inc.
and may only be used pursuant to the terms and conditions of a written license agreement
with Synopsys, Inc. All other use, reproduction, modification, or distribution of the
Synopsys software or the associated documentation is strictly prohibited.
Tool: Synplify Pro (R)
Build: N-2018.03L-SP1-1
Install: C:\lscc\diamond\3.11_x64\synpbase
OS: Windows 6.2

Hostname: DESKTOP-PNMJ1CD

Implementation : impl1
Synopsys Lattice Technology Pre-mapping, Version maplat2018q2p1, Build 055R, Built Apr  3 2019 09:51:54


Mapper Startup Complete (Real Time elapsed 0h:00m:00s; CPU Time elapsed 0h:00m:00s; Memory used current: 99MB peak: 99MB)

@A: MF827 |No constraint file specified.
@N: MF284 |Setting synthesis effort to medium for the design
@L: C:\Users\boris\slova\impl1\slova_impl1_scck.rpt 
Printing clock  summary report in "C:\Users\boris\slova\impl1\slova_impl1_scck.rpt" file 
@N: MF916 |Option synthesis_strategy=base is enabled. 
@N: MF248 |Running in 64-bit mode.
@N: MF666 |Clock conversion enabled. (Command "set_option -fix_gated_and_generated_clocks 1" in the project file.)

Design Input Complete (Real Time elapsed 0h:00m:00s; CPU Time elapsed 0h:00m:00s; Memory used current: 99MB peak: 102MB)


Mapper Initialization Complete (Real Time elapsed 0h:00m:00s; CPU Time elapsed 0h:00m:00s; Memory used current: 99MB peak: 102MB)


Start loading timing files (Real Time elapsed 0h:00m:00s; CPU Time elapsed 0h:00m:00s; Memory used current: 112MB peak: 112MB)


Finished loading timing files (Real Time elapsed 0h:00m:00s; CPU Time elapsed 0h:00m:00s; Memory used current: 112MB peak: 114MB)

@N: MF284 |Setting synthesis effort to medium for the design
@W: FX474 |User-specified initial value defined for some sequential elements which can prevent optimum synthesis results from being achieved. 
@N: MH105 |UMR3 is only supported for HAPS-80.
@N: MH105 |UMR3 is only supported for HAPS-80.
syn_allowed_resources : blockrams=12  set on top level netlist slova

Finished netlist restructuring (Real Time elapsed 0h:00m:00s; CPU Time elapsed 0h:00m:00s; Memory used current: 140MB peak: 142MB)



Clock Summary
******************

          Start             Requested     Requested     Clock        Clock                   Clock
Level     Clock             Frequency     Period        Type         Group                   Load 
--------------------------------------------------------------------------------------------------
0 -       slova|clk_25m     200.0 MHz     5.000         inferred     Inferred_clkgroup_0     74   
==================================================================================================



Clock Load Summary
***********************

                  Clock     Source            Clock Pin                        Non-clock Pin     Non-clock Pin
Clock             Load      Pin               Seq Example                      Seq Example       Comb Example 
--------------------------------------------------------------------------------------------------------------
slova|clk_25m     74        clk_25m(port)     serializer.R_byte_old[7:0].C     -                 -            
==============================================================================================================

@W: MT529 :"c:\users\boris\slova\serial_tx.vhd":78:1:78:2|Found inferred clock slova|clk_25m which controls 74 sequential elements including serializer.R_tx_ser[0]. This clock has no specified timing constraint which may prevent conversion of gated or generated clocks and may adversely impact design performance. 

ICG Latch Removal Summary:
Number of ICG latches removed: 0
Number of ICG latches not removed:	0


@S |Clock Optimization Summary



#### START OF PREMAP CLOCK OPTIMIZATION REPORT #####[

1 non-gated/non-generated clock tree(s) driving 74 clock pin(s) of sequential element(s)
0 gated/generated clock tree(s) driving 0 clock pin(s) of sequential element(s)
0 instances converted, 0 sequential instances remain driven by gated/generated clocks

=============================== Non-Gated/Non-Generated Clocks ===============================
Clock Tree ID     Driving Element     Drive Element Type     Fanout     Sample Instance       
----------------------------------------------------------------------------------------------
@KP:ckid0_0       clk_25m             Unconstrained_port     74         serializer.R_tx_ser[0]
==============================================================================================


##### END OF CLOCK OPTIMIZATION REPORT ######

@N: FX1143 |Skipping assigning INTERNAL_VREF to iobanks, because the table of mapping from pin to iobank is not initialized.
Finished Pre Mapping Phase.

Starting constraint checker (Real Time elapsed 0h:00m:00s; CPU Time elapsed 0h:00m:00s; Memory used current: 140MB peak: 142MB)


Finished constraint checker preprocessing (Real Time elapsed 0h:00m:00s; CPU Time elapsed 0h:00m:00s; Memory used current: 140MB peak: 142MB)

None
None

Finished constraint checker (Real Time elapsed 0h:00m:00s; CPU Time elapsed 0h:00m:00s; Memory used current: 140MB peak: 142MB)

Pre-mapping successful!

At Mapper Exit (Real Time elapsed 0h:00m:00s; CPU Time elapsed 0h:00m:00s; Memory used current: 55MB peak: 142MB)

Process took 0h:00m:01s realtime, 0h:00m:01s cputime
# Wed Dec  2 23:22:14 2020

###########################################################]
Map & Optimize Report

# Wed Dec  2 23:22:14 2020


Copyright (C) 1994-2018 Synopsys, Inc.
This Synopsys software and all associated documentation are proprietary to Synopsys, Inc.
and may only be used pursuant to the terms and conditions of a written license agreement
with Synopsys, Inc. All other use, reproduction, modification, or distribution of the
Synopsys software or the associated documentation is strictly prohibited.
Tool: Synplify Pro (R)
Build: N-2018.03L-SP1-1
Install: C:\lscc\diamond\3.11_x64\synpbase
OS: Windows 6.2

Hostname: DESKTOP-PNMJ1CD

Implementation : impl1
Synopsys Lattice Technology Mapper, Version maplat2018q2p1, Build 055R, Built Apr  3 2019 09:51:54


Mapper Startup Complete (Real Time elapsed 0h:00m:00s; CPU Time elapsed 0h:00m:00s; Memory used current: 99MB peak: 99MB)

@N: MF284 |Setting synthesis effort to medium for the design
@N: MF916 |Option synthesis_strategy=base is enabled. 
@N: MF248 |Running in 64-bit mode.
@N: MF666 |Clock conversion enabled. (Command "set_option -fix_gated_and_generated_clocks 1" in the project file.)

Design Input Complete (Real Time elapsed 0h:00m:00s; CPU Time elapsed 0h:00m:00s; Memory used current: 98MB peak: 100MB)


Mapper Initialization Complete (Real Time elapsed 0h:00m:00s; CPU Time elapsed 0h:00m:00s; Memory used current: 98MB peak: 100MB)


Start loading timing files (Real Time elapsed 0h:00m:00s; CPU Time elapsed 0h:00m:00s; Memory used current: 111MB peak: 112MB)


Finished loading timing files (Real Time elapsed 0h:00m:00s; CPU Time elapsed 0h:00m:00s; Memory used current: 111MB peak: 114MB)

@N: MF284 |Setting synthesis effort to medium for the design


Starting Optimization and Mapping (Real Time elapsed 0h:00m:00s; CPU Time elapsed 0h:00m:00s; Memory used current: 139MB peak: 142MB)


Available hyper_sources - for debug and ip models
	None Found

@N: FX493 |Applying initial value "111111111" on instance serializer.R_tx_ser[8:0].

Finished RTL optimizations (Real Time elapsed 0h:00m:00s; CPU Time elapsed 0h:00m:00s; Memory used current: 139MB peak: 142MB)

@N: MO231 :"c:\users\boris\slova\serial_tx.vhd":78:1:78:2|Found counter in view:work.serial_tx(behavioral) instance R_tx_tickcnt[3:0] 
@N: MF179 :"c:\users\boris\slova\serial_tx.vhd":81:8:81:28|Found 8 by 8 bit equality operator ('==') un1_byte_in (in view: work.serial_tx(behavioral))

Starting factoring (Real Time elapsed 0h:00m:00s; CPU Time elapsed 0h:00m:00s; Memory used current: 140MB peak: 142MB)

@N: BN362 :"c:\users\boris\slova\serial_tx.vhd":78:1:78:2|Removing sequential instance serializer.R_byte_old[7] (in view: work.slova(behavioral)) because it does not drive other instances.

Finished factoring (Real Time elapsed 0h:00m:00s; CPU Time elapsed 0h:00m:00s; Memory used current: 141MB peak: 142MB)


Finished generic timing optimizations - Pass 1 (Real Time elapsed 0h:00m:00s; CPU Time elapsed 0h:00m:00s; Memory used current: 141MB peak: 142MB)


Starting Early Timing Optimization (Real Time elapsed 0h:00m:00s; CPU Time elapsed 0h:00m:00s; Memory used current: 142MB peak: 142MB)


Finished Early Timing Optimization (Real Time elapsed 0h:00m:00s; CPU Time elapsed 0h:00m:00s; Memory used current: 142MB peak: 142MB)


Finished generic timing optimizations - Pass 2 (Real Time elapsed 0h:00m:00s; CPU Time elapsed 0h:00m:00s; Memory used current: 142MB peak: 142MB)


Finished preparing to map (Real Time elapsed 0h:00m:00s; CPU Time elapsed 0h:00m:00s; Memory used current: 142MB peak: 142MB)


Finished technology mapping (Real Time elapsed 0h:00m:00s; CPU Time elapsed 0h:00m:00s; Memory used current: 142MB peak: 143MB)

Pass		 CPU time		Worst Slack		Luts / Registers
------------------------------------------------------------
   1		0h:00m:00s		    -0.35ns		  58 /        73
   2		0h:00m:00s		    -0.35ns		  64 /        73
@N: FX271 :"c:\users\boris\slova\serial_tx.vhd":78:1:78:2|Replicating instance serializer.R_tx_tickcnt[1] (in view: work.slova(behavioral)) with 5 loads 1 time to improve timing.
@N: FX271 :"c:\users\boris\slova\serial_tx.vhd":78:1:78:2|Replicating instance serializer.R_tx_tickcnt[0] (in view: work.slova(behavioral)) with 5 loads 1 time to improve timing.
@N: FX271 :"c:\users\boris\slova\serial_tx.vhd":78:1:78:2|Replicating instance serializer.R_tx_tickcnt[2] (in view: work.slova(behavioral)) with 4 loads 1 time to improve timing.
Timing driven replication report
Added 3 Registers via timing driven replication
Added 3 LUTs via timing driven replication

   3		0h:00m:01s		    -0.13ns		 110 /        76
   4		0h:00m:01s		     0.03ns		 111 /        76
   5		0h:00m:01s		     0.18ns		 113 /        76
   6		0h:00m:01s		    -0.14ns		 113 /        76

@N: FX271 :"c:\users\boris\slova\serial_tx.vhd":78:1:78:2|Replicating instance serializer.R_tx_tickcnt[3] (in view: work.slova(behavioral)) with 4 loads 1 time to improve timing.
Added 1 Registers via timing driven replication
Added 1 LUTs via timing driven replication

   7		0h:00m:01s		     0.07ns		 114 /        77
   8		0h:00m:01s		     0.07ns		 116 /        77

Finished technology timing optimizations and critical path resynthesis (Real Time elapsed 0h:00m:01s; CPU Time elapsed 0h:00m:01s; Memory used current: 143MB peak: 144MB)

@N: FX164 |The option to pack registers in the IOB has not been specified. Please set syn_useioff attribute.  

Finished restoring hierarchy (Real Time elapsed 0h:00m:01s; CPU Time elapsed 0h:00m:01s; Memory used current: 143MB peak: 144MB)


Start Writing Netlists (Real Time elapsed 0h:00m:01s; CPU Time elapsed 0h:00m:01s; Memory used current: 109MB peak: 144MB)

Writing Analyst data base C:\Users\boris\slova\impl1\synwork\slova_impl1_m.srm

Finished Writing Netlist Databases (Real Time elapsed 0h:00m:01s; CPU Time elapsed 0h:00m:01s; Memory used current: 142MB peak: 144MB)

Writing EDIF Netlist and constraint files
@N: FX1056 |Writing EDF file: C:\Users\boris\slova\impl1\slova_impl1.edi
N-2018.03L-SP1-1
@N: BW106 |Synplicity Constraint File capacitance units using default value of 1pF 

Finished Writing EDIF Netlist and constraint files (Real Time elapsed 0h:00m:02s; CPU Time elapsed 0h:00m:01s; Memory used current: 146MB peak: 148MB)


Start final timing analysis (Real Time elapsed 0h:00m:02s; CPU Time elapsed 0h:00m:02s; Memory used current: 146MB peak: 148MB)

@W: MT420 |Found inferred clock slova|clk_25m with period 5.00ns. Please declare a user-defined clock on port clk_25m.


##### START OF TIMING REPORT #####[
# Timing Report written on Wed Dec  2 23:22:16 2020
#


Top view:               slova
Requested Frequency:    200.0 MHz
Wire load mode:         top
Paths requested:        5
Constraint File(s):    
@N: MT320 |This timing report is an estimate of place and route data. For final timing results, use the FPGA vendor place and route report.

@N: MT322 |Clock constraints include only register-to-register paths associated with each individual clock.



Performance Summary
*******************


Worst slack in design: -0.605

                   Requested     Estimated     Requested     Estimated                Clock        Clock              
Starting Clock     Frequency     Frequency     Period        Period        Slack      Type         Group              
----------------------------------------------------------------------------------------------------------------------
slova|clk_25m      200.0 MHz     178.4 MHz     5.000         5.605         -0.605     inferred     Inferred_clkgroup_0
======================================================================================================================





Clock Relationships
*******************

Clocks                        |    rise  to  rise    |    fall  to  fall   |    rise  to  fall   |    fall  to  rise 
---------------------------------------------------------------------------------------------------------------------
Starting       Ending         |  constraint  slack   |  constraint  slack  |  constraint  slack  |  constraint  slack
---------------------------------------------------------------------------------------------------------------------
slova|clk_25m  slova|clk_25m  |  5.000       -0.605  |  No paths    -      |  No paths    -      |  No paths    -    
=====================================================================================================================
 Note: 'No paths' indicates there are no paths in the design for that pair of clock edges.
       'Diff grp' indicates that paths exist but the starting clock and ending clock are in different clock groups.



Interface Information 
*********************

No IO constraint found



====================================
Detailed Report for Clock: slova|clk_25m
====================================



Starting Points with Worst Slack
********************************

                                  Starting                                                     Arrival           
Instance                          Reference         Type        Pin     Net                    Time        Slack 
                                  Clock                                                                          
-----------------------------------------------------------------------------------------------------------------
serializer.R_byte_old[0]          slova|clk_25m     FD1S3AX     Q       R_byte_old[0]          1.166       -0.605
serializer.R_byte_old[1]          slova|clk_25m     FD1S3AX     Q       R_byte_old[1]          1.166       -0.605
serializer.R_byte_old[3]          slova|clk_25m     FD1S3AX     Q       R_byte_old[3]          1.166       -0.605
serializer.R_byte_old[5]          slova|clk_25m     FD1S3AX     Q       R_byte_old[5]          1.166       -0.605
serializer.R_debounce_cnt[2]      slova|clk_25m     FD1P3IX     Q       R_debounce_cnt[2]      1.279       -0.473
serializer.R_debounce_cnt[3]      slova|clk_25m     FD1P3IX     Q       R_debounce_cnt[3]      1.279       -0.473
serializer.R_debounce_cnt[6]      slova|clk_25m     FD1P3JX     Q       R_debounce_cnt[6]      1.279       -0.473
serializer.R_debounce_cnt[21]     slova|clk_25m     FD1P3IX     Q       R_debounce_cnt[21]     1.279       -0.473
serializer.R_debounce_cnt[8]      slova|clk_25m     FD1P3IX     Q       R_debounce_cnt[8]      1.213       -0.304
serializer.R_debounce_cnt[9]      slova|clk_25m     FD1P3JX     Q       R_debounce_cnt[9]      1.213       -0.304
=================================================================================================================


Ending Points with Worst Slack
******************************

                             Starting                                                                  Required           
Instance                     Reference         Type         Pin     Net                                Time         Slack 
                             Clock                                                                                        
--------------------------------------------------------------------------------------------------------------------------
serializer.R_tx_ser[1]       slova|clk_25m     FD1P3AY      SP      R_tx_ser_1_sqmuxa_i                4.640        -0.605
serializer.R_tx_ser[2]       slova|clk_25m     FD1P3AY      SP      R_tx_ser_1_sqmuxa_i                4.640        -0.605
serializer.R_tx_ser[3]       slova|clk_25m     FD1P3AY      SP      R_tx_ser_1_sqmuxa_i                4.640        -0.605
serializer.R_tx_ser[4]       slova|clk_25m     FD1P3AY      SP      R_tx_ser_1_sqmuxa_i                4.640        -0.605
serializer.R_tx_ser[5]       slova|clk_25m     FD1P3AY      SP      R_tx_ser_1_sqmuxa_i                4.640        -0.605
serializer.R_tx_ser[6]       slova|clk_25m     FD1P3AY      SP      R_tx_ser_1_sqmuxa_i                4.640        -0.605
serializer.R_tx_ser[7]       slova|clk_25m     FD1P3AY      SP      R_tx_ser_1_sqmuxa_i                4.640        -0.605
serializer.R_tx_ser[8]       slova|clk_25m     FD1P3AY      SP      R_tx_ser_1_sqmuxa_i                4.640        -0.605
serializer_R_tx_serio[0]     slova|clk_25m     OFS1P3BX     SP      serializer.R_tx_ser_1_sqmuxa_i     4.640        -0.605
serializer.R_tx_phase[0]     slova|clk_25m     FD1S3IX      D       R_tx_phase_7[0]                    4.264        -0.342
==========================================================================================================================



Worst Path Information
***********************


Path information for path number 1: 
      Requested Period:                      5.000
    - Setup time:                            0.360
    + Clock delay at ending point:           0.000 (ideal)
    = Required time:                         4.640

    - Propagation time:                      5.245
    - Clock delay at starting point:         0.000 (ideal)
    = Slack (critical) :                     -0.605

    Number of logic level(s):                4
    Starting point:                          serializer.R_byte_old[0] / Q
    Ending point:                            serializer.R_tx_ser[1] / SP
    The start point is clocked by            slova|clk_25m [rising] on pin CK
    The end   point is clocked by            slova|clk_25m [rising] on pin CK

Instance / Net                                          Pin      Pin               Arrival     No. of    
Name                                       Type         Name     Dir     Delay     Time        Fan Out(s)
---------------------------------------------------------------------------------------------------------
serializer.R_byte_old[0]                   FD1S3AX      Q        Out     1.166     1.166       -         
R_byte_old[0]                              Net          -        -       -         -           3         
serializer.R_byte_old_RNILBPQ1[0]          ORCALUT4     A        In      0.000     1.166       -         
serializer.R_byte_old_RNILBPQ1[0]          ORCALUT4     Z        Out     0.883     2.050       -         
g0_2_4                                     Net          -        -       -         -           1         
serializer.R_byte_old_RNIQHS63[2]          ORCALUT4     D        In      0.000     2.050       -         
serializer.R_byte_old_RNIQHS63[2]          ORCALUT4     Z        Out     1.128     3.177       -         
g2                                         Net          -        -       -         -           5         
serializer.R_debounce_cnt_RNIQ40E6[23]     ORCALUT4     D        In      0.000     3.177       -         
serializer.R_debounce_cnt_RNIQ40E6[23]     ORCALUT4     Z        Out     0.883     4.061       -         
R_debounce_cnt_RNIQ40E6[23]                Net          -        -       -         -           1         
serializer.un6_r_tx_tickcnt_RNIVARKD       ORCALUT4     C        In      0.000     4.061       -         
serializer.un6_r_tx_tickcnt_RNIVARKD       ORCALUT4     Z        Out     1.184     5.245       -         
R_tx_ser_1_sqmuxa_i                        Net          -        -       -         -           9         
serializer.R_tx_ser[1]                     FD1P3AY      SP       In      0.000     5.245       -         
=========================================================================================================


Path information for path number 2: 
      Requested Period:                      5.000
    - Setup time:                            0.360
    + Clock delay at ending point:           0.000 (ideal)
    = Required time:                         4.640

    - Propagation time:                      5.245
    - Clock delay at starting point:         0.000 (ideal)
    = Slack (critical) :                     -0.605

    Number of logic level(s):                4
    Starting point:                          serializer.R_byte_old[1] / Q
    Ending point:                            serializer.R_tx_ser[1] / SP
    The start point is clocked by            slova|clk_25m [rising] on pin CK
    The end   point is clocked by            slova|clk_25m [rising] on pin CK

Instance / Net                                          Pin      Pin               Arrival     No. of    
Name                                       Type         Name     Dir     Delay     Time        Fan Out(s)
---------------------------------------------------------------------------------------------------------
serializer.R_byte_old[1]                   FD1S3AX      Q        Out     1.166     1.166       -         
R_byte_old[1]                              Net          -        -       -         -           3         
serializer.R_byte_old_RNILBPQ1[0]          ORCALUT4     B        In      0.000     1.166       -         
serializer.R_byte_old_RNILBPQ1[0]          ORCALUT4     Z        Out     0.883     2.050       -         
g0_2_4                                     Net          -        -       -         -           1         
serializer.R_byte_old_RNIQHS63[2]          ORCALUT4     D        In      0.000     2.050       -         
serializer.R_byte_old_RNIQHS63[2]          ORCALUT4     Z        Out     1.128     3.177       -         
g2                                         Net          -        -       -         -           5         
serializer.R_debounce_cnt_RNIQ40E6[23]     ORCALUT4     D        In      0.000     3.177       -         
serializer.R_debounce_cnt_RNIQ40E6[23]     ORCALUT4     Z        Out     0.883     4.061       -         
R_debounce_cnt_RNIQ40E6[23]                Net          -        -       -         -           1         
serializer.un6_r_tx_tickcnt_RNIVARKD       ORCALUT4     C        In      0.000     4.061       -         
serializer.un6_r_tx_tickcnt_RNIVARKD       ORCALUT4     Z        Out     1.184     5.245       -         
R_tx_ser_1_sqmuxa_i                        Net          -        -       -         -           9         
serializer.R_tx_ser[1]                     FD1P3AY      SP       In      0.000     5.245       -         
=========================================================================================================


Path information for path number 3: 
      Requested Period:                      5.000
    - Setup time:                            0.360
    + Clock delay at ending point:           0.000 (ideal)
    = Required time:                         4.640

    - Propagation time:                      5.245
    - Clock delay at starting point:         0.000 (ideal)
    = Slack (critical) :                     -0.605

    Number of logic level(s):                4
    Starting point:                          serializer.R_byte_old[3] / Q
    Ending point:                            serializer.R_tx_ser[1] / SP
    The start point is clocked by            slova|clk_25m [rising] on pin CK
    The end   point is clocked by            slova|clk_25m [rising] on pin CK

Instance / Net                                          Pin      Pin               Arrival     No. of    
Name                                       Type         Name     Dir     Delay     Time        Fan Out(s)
---------------------------------------------------------------------------------------------------------
serializer.R_byte_old[3]                   FD1S3AX      Q        Out     1.166     1.166       -         
R_byte_old[3]                              Net          -        -       -         -           3         
serializer.R_byte_old_RNILBPQ1[0]          ORCALUT4     C        In      0.000     1.166       -         
serializer.R_byte_old_RNILBPQ1[0]          ORCALUT4     Z        Out     0.883     2.050       -         
g0_2_4                                     Net          -        -       -         -           1         
serializer.R_byte_old_RNIQHS63[2]          ORCALUT4     D        In      0.000     2.050       -         
serializer.R_byte_old_RNIQHS63[2]          ORCALUT4     Z        Out     1.128     3.177       -         
g2                                         Net          -        -       -         -           5         
serializer.R_debounce_cnt_RNIQ40E6[23]     ORCALUT4     D        In      0.000     3.177       -         
serializer.R_debounce_cnt_RNIQ40E6[23]     ORCALUT4     Z        Out     0.883     4.061       -         
R_debounce_cnt_RNIQ40E6[23]                Net          -        -       -         -           1         
serializer.un6_r_tx_tickcnt_RNIVARKD       ORCALUT4     C        In      0.000     4.061       -         
serializer.un6_r_tx_tickcnt_RNIVARKD       ORCALUT4     Z        Out     1.184     5.245       -         
R_tx_ser_1_sqmuxa_i                        Net          -        -       -         -           9         
serializer.R_tx_ser[1]                     FD1P3AY      SP       In      0.000     5.245       -         
=========================================================================================================


Path information for path number 4: 
      Requested Period:                      5.000
    - Setup time:                            0.360
    + Clock delay at ending point:           0.000 (ideal)
    = Required time:                         4.640

    - Propagation time:                      5.245
    - Clock delay at starting point:         0.000 (ideal)
    = Slack (critical) :                     -0.605

    Number of logic level(s):                4
    Starting point:                          serializer.R_byte_old[5] / Q
    Ending point:                            serializer.R_tx_ser[1] / SP
    The start point is clocked by            slova|clk_25m [rising] on pin CK
    The end   point is clocked by            slova|clk_25m [rising] on pin CK

Instance / Net                                          Pin      Pin               Arrival     No. of    
Name                                       Type         Name     Dir     Delay     Time        Fan Out(s)
---------------------------------------------------------------------------------------------------------
serializer.R_byte_old[5]                   FD1S3AX      Q        Out     1.166     1.166       -         
R_byte_old[5]                              Net          -        -       -         -           3         
serializer.R_byte_old_RNILBPQ1[0]          ORCALUT4     D        In      0.000     1.166       -         
serializer.R_byte_old_RNILBPQ1[0]          ORCALUT4     Z        Out     0.883     2.050       -         
g0_2_4                                     Net          -        -       -         -           1         
serializer.R_byte_old_RNIQHS63[2]          ORCALUT4     D        In      0.000     2.050       -         
serializer.R_byte_old_RNIQHS63[2]          ORCALUT4     Z        Out     1.128     3.177       -         
g2                                         Net          -        -       -         -           5         
serializer.R_debounce_cnt_RNIQ40E6[23]     ORCALUT4     D        In      0.000     3.177       -         
serializer.R_debounce_cnt_RNIQ40E6[23]     ORCALUT4     Z        Out     0.883     4.061       -         
R_debounce_cnt_RNIQ40E6[23]                Net          -        -       -         -           1         
serializer.un6_r_tx_tickcnt_RNIVARKD       ORCALUT4     C        In      0.000     4.061       -         
serializer.un6_r_tx_tickcnt_RNIVARKD       ORCALUT4     Z        Out     1.184     5.245       -         
R_tx_ser_1_sqmuxa_i                        Net          -        -       -         -           9         
serializer.R_tx_ser[1]                     FD1P3AY      SP       In      0.000     5.245       -         
=========================================================================================================


Path information for path number 5: 
      Requested Period:                      5.000
    - Setup time:                            0.360
    + Clock delay at ending point:           0.000 (ideal)
    = Required time:                         4.640

    - Propagation time:                      5.245
    - Clock delay at starting point:         0.000 (ideal)
    = Slack (critical) :                     -0.605

    Number of logic level(s):                4
    Starting point:                          serializer.R_byte_old[0] / Q
    Ending point:                            serializer.R_tx_ser[8] / SP
    The start point is clocked by            slova|clk_25m [rising] on pin CK
    The end   point is clocked by            slova|clk_25m [rising] on pin CK

Instance / Net                                          Pin      Pin               Arrival     No. of    
Name                                       Type         Name     Dir     Delay     Time        Fan Out(s)
---------------------------------------------------------------------------------------------------------
serializer.R_byte_old[0]                   FD1S3AX      Q        Out     1.166     1.166       -         
R_byte_old[0]                              Net          -        -       -         -           3         
serializer.R_byte_old_RNILBPQ1[0]          ORCALUT4     A        In      0.000     1.166       -         
serializer.R_byte_old_RNILBPQ1[0]          ORCALUT4     Z        Out     0.883     2.050       -         
g0_2_4                                     Net          -        -       -         -           1         
serializer.R_byte_old_RNIQHS63[2]          ORCALUT4     D        In      0.000     2.050       -         
serializer.R_byte_old_RNIQHS63[2]          ORCALUT4     Z        Out     1.128     3.177       -         
g2                                         Net          -        -       -         -           5         
serializer.R_debounce_cnt_RNIQ40E6[23]     ORCALUT4     D        In      0.000     3.177       -         
serializer.R_debounce_cnt_RNIQ40E6[23]     ORCALUT4     Z        Out     0.883     4.061       -         
R_debounce_cnt_RNIQ40E6[23]                Net          -        -       -         -           1         
serializer.un6_r_tx_tickcnt_RNIVARKD       ORCALUT4     C        In      0.000     4.061       -         
serializer.un6_r_tx_tickcnt_RNIVARKD       ORCALUT4     Z        Out     1.184     5.245       -         
R_tx_ser_1_sqmuxa_i                        Net          -        -       -         -           9         
serializer.R_tx_ser[8]                     FD1P3AY      SP       In      0.000     5.245       -         
=========================================================================================================



##### END OF TIMING REPORT #####]

Timing exceptions that could not be applied
None

Finished final timing analysis (Real Time elapsed 0h:00m:02s; CPU Time elapsed 0h:00m:02s; Memory used current: 147MB peak: 148MB)


Finished timing report (Real Time elapsed 0h:00m:02s; CPU Time elapsed 0h:00m:02s; Memory used current: 147MB peak: 148MB)

---------------------------------------
Resource Usage Report
Part: lfxp2_8e-5

Register bits: 77 of 8352 (1%)
PIC Latch:       0
I/O cells:       16


Details:
CCU2B:          29
FD1P3AY:        8
FD1P3IX:        23
FD1P3JX:        8
FD1S3AX:        32
FD1S3IX:        5
GSR:            1
IB:             7
INV:            1
OB:             9
OFS1P3BX:       1
ORCALUT4:       115
PFUMX:          1
PUR:            1
VHI:            2
VLO:            3
Mapper successful!

At Mapper Exit (Real Time elapsed 0h:00m:02s; CPU Time elapsed 0h:00m:02s; Memory used current: 33MB peak: 148MB)

Process took 0h:00m:02s realtime, 0h:00m:02s cputime
# Wed Dec  2 23:22:16 2020

###########################################################]


Synthesis exit by 0.

edif2ngd  -l "LatticeXP2" -d LFXP2-8E -path "C:/Users/boris/slova/impl1" -path "C:/Users/boris/slova"   "C:/Users/boris/slova/impl1/slova_impl1.edi" "slova_impl1.ngo"   
edif2ngd:  version Diamond (64-bit) 3.11.0.396.4

Copyright (c) 1991-1994 by NeoCAD Inc. All rights reserved.
Copyright (c) 1995 AT&T Corp.   All rights reserved.
Copyright (c) 1995-2001 Lucent Technologies Inc.  All rights reserved.
Copyright (c) 2001 Agere Systems   All rights reserved.
Copyright (c) 2002-2019 Lattice Semiconductor Corporation,  All rights reserved.
Writing the design to slova_impl1.ngo...

Total CPU Time: 0 secs  
Total REAL Time: 0 secs  
Peak Memory Usage: 11 MB


ngdbuild  -a "LatticeXP2" -d LFXP2-8E  -p "C:/lscc/diamond/3.11_x64/ispfpga/mg5a00/data"  -p "C:/Users/boris/slova/impl1" -p "C:/Users/boris/slova"  "slova_impl1.ngo" "slova_impl1.ngd"  	
ngdbuild:  version Diamond (64-bit) 3.11.0.396.4

Copyright (c) 1991-1994 by NeoCAD Inc. All rights reserved.
Copyright (c) 1995 AT&T Corp.   All rights reserved.
Copyright (c) 1995-2001 Lucent Technologies Inc.  All rights reserved.
Copyright (c) 2001 Agere Systems   All rights reserved.
Copyright (c) 2002-2019 Lattice Semiconductor Corporation,  All rights reserved.
Reading 'slova_impl1.ngo' ...
Loading NGL library 'C:/lscc/diamond/3.11_x64/ispfpga/mg5a00/data/mg5alib.ngl'...
Loading NGL library 'C:/lscc/diamond/3.11_x64/ispfpga/ep5a00/data/ep5alib.ngl'...
Loading NGL library 'C:/lscc/diamond/3.11_x64/ispfpga/ep5g00/data/ep5glib.ngl'...
Loading NGL library 'C:/lscc/diamond/3.11_x64/ispfpga/or5g00/data/orc5glib.ngl'...


Running DRC...

    <postMsg mid="1166052" type="Warning" dynamic="2" navigation="1" arg0="logical" arg1="sw[1]" arg2="sw[1]"  />
    <postMsg mid="1166052" type="Warning" dynamic="2" navigation="1" arg0="logical" arg1="sw[2]" arg2="sw[2]"  />
    <postMsg mid="1166052" type="Warning" dynamic="2" navigation="1" arg0="logical" arg1="sw[3]" arg2="sw[3]"  />
    <postMsg mid="1163101" type="Warning" dynamic="1" navigation="0" arg0="3"  />

Design Results:
    245 blocks expanded
Complete the first expansion.
Writing 'slova_impl1.ngd' ...
Total CPU Time: 0 secs 
Total REAL Time: 0 secs 
Peak Memory Usage: 18 MB


map -a "LatticeXP2" -p LFXP2-8E -t TQFP144 -s 5 -oc Commercial   "slova_impl1.ngd" -o "slova_impl1_map.ncd" -pr "slova_impl1.prf" -mp "slova_impl1.mrp" -lpf "C:/Users/boris/slova/impl1/slova_impl1_synplify.lpf" -lpf "C:/Users/boris/slova/ulx2s.lpf"            
map:  version Diamond (64-bit) 3.11.0.396.4

Copyright (c) 1991-1994 by NeoCAD Inc. All rights reserved.
Copyright (c) 1995 AT&T Corp.   All rights reserved.
Copyright (c) 1995-2001 Lucent Technologies Inc.  All rights reserved.
Copyright (c) 2001 Agere Systems   All rights reserved.
Copyright (c) 2002-2019 Lattice Semiconductor Corporation,  All rights reserved.
   Process the file: slova_impl1.ngd
   Picdevice="LFXP2-8E"

   Pictype="TQFP144"

   Picspeed=5

   Remove unused logic

   Do not produce over sized NCDs.

Part used: LFXP2-8ETQFP144, Performance used: 5.

    <postMsg mid="1100679" type="Warning" dynamic="2" navigation="2" arg0="C:/Users/boris/slova/ulx2s.lpf(18): Semantic error in &quot;LOCATE COMP &quot;rs232_rx&quot; SITE &quot;10&quot; ;&quot;: " arg1="rs232_rx" arg2="C:/Users/boris/slova/ulx2s.lpf" arg3="18"  />
    <postMsg mid="1100679" type="Warning" dynamic="2" navigation="2" arg0="C:/Users/boris/slova/ulx2s.lpf(45): Semantic error in &quot;LOCATE COMP &quot;p_ring&quot; SITE &quot;44&quot; ;&quot;: " arg1="p_ring" arg2="C:/Users/boris/slova/ulx2s.lpf" arg3="45"  />
    <postMsg mid="1100679" type="Warning" dynamic="2" navigation="2" arg0="C:/Users/boris/slova/ulx2s.lpf(46): Semantic error in &quot;LOCATE COMP &quot;p_tip_0&quot; SITE &quot;32&quot; ;&quot;: " arg1="p_tip_0" arg2="C:/Users/boris/slova/ulx2s.lpf" arg3="46"  />
    <postMsg mid="1100679" type="Warning" dynamic="2" navigation="2" arg0="C:/Users/boris/slova/ulx2s.lpf(47): Semantic error in &quot;LOCATE COMP &quot;p_tip_1&quot; SITE &quot;27&quot; ;&quot;: " arg1="p_tip_1" arg2="C:/Users/boris/slova/ulx2s.lpf" arg3="47"  />
    <postMsg mid="1100679" type="Warning" dynamic="2" navigation="2" arg0="C:/Users/boris/slova/ulx2s.lpf(48): Semantic error in &quot;LOCATE COMP &quot;p_tip_2&quot; SITE &quot;28&quot; ;&quot;: " arg1="p_tip_2" arg2="C:/Users/boris/slova/ulx2s.lpf" arg3="48"  />
    <postMsg mid="1100679" type="Warning" dynamic="2" navigation="2" arg0="C:/Users/boris/slova/ulx2s.lpf(49): Semantic error in &quot;LOCATE COMP &quot;p_tip_3&quot; SITE &quot;43&quot; ;&quot;: " arg1="p_tip_3" arg2="C:/Users/boris/slova/ulx2s.lpf" arg3="49"  />
    <postMsg mid="1100679" type="Warning" dynamic="2" navigation="2" arg0="C:/Users/boris/slova/ulx2s.lpf(52): Semantic error in &quot;LOCATE COMP &quot;flash_cen&quot; SITE &quot;13&quot; ;&quot;: " arg1="flash_cen" arg2="C:/Users/boris/slova/ulx2s.lpf" arg3="52"  />
    <postMsg mid="1100679" type="Warning" dynamic="2" navigation="2" arg0="C:/Users/boris/slova/ulx2s.lpf(53): Semantic error in &quot;LOCATE COMP &quot;flash_sck&quot; SITE &quot;16&quot; ;&quot;: " arg1="flash_sck" arg2="C:/Users/boris/slova/ulx2s.lpf" arg3="53"  />
    <postMsg mid="1100679" type="Warning" dynamic="2" navigation="2" arg0="C:/Users/boris/slova/ulx2s.lpf(54): Semantic error in &quot;LOCATE COMP &quot;flash_si&quot; SITE &quot;19&quot; ;&quot;: " arg1="flash_si" arg2="C:/Users/boris/slova/ulx2s.lpf" arg3="54"  />
    <postMsg mid="1100679" type="Warning" dynamic="2" navigation="2" arg0="C:/Users/boris/slova/ulx2s.lpf(55): Semantic error in &quot;LOCATE COMP &quot;flash_so&quot; SITE &quot;18&quot; ;&quot;: " arg1="flash_so" arg2="C:/Users/boris/slova/ulx2s.lpf" arg3="55"  />
    <postMsg mid="1100679" type="Warning" dynamic="2" navigation="2" arg0="C:/Users/boris/slova/ulx2s.lpf(58): Semantic error in &quot;LOCATE COMP &quot;sdcard_cen&quot; SITE &quot;15&quot; ;&quot;: " arg1="sdcard_cen" arg2="C:/Users/boris/slova/ulx2s.lpf" arg3="58"  />
    <postMsg mid="1100679" type="Warning" dynamic="2" navigation="2" arg0="C:/Users/boris/slova/ulx2s.lpf(59): Semantic error in &quot;LOCATE COMP &quot;sdcard_sck&quot; SITE &quot;20&quot; ;&quot;: " arg1="sdcard_sck" arg2="C:/Users/boris/slova/ulx2s.lpf" arg3="59"  />
    <postMsg mid="1100679" type="Warning" dynamic="2" navigation="2" arg0="C:/Users/boris/slova/ulx2s.lpf(60): Semantic error in &quot;LOCATE COMP &quot;sdcard_si&quot; SITE &quot;17&quot; ;&quot;: " arg1="sdcard_si" arg2="C:/Users/boris/slova/ulx2s.lpf" arg3="60"  />
    <postMsg mid="1100679" type="Warning" dynamic="2" navigation="2" arg0="C:/Users/boris/slova/ulx2s.lpf(61): Semantic error in &quot;LOCATE COMP &quot;sdcard_so&quot; SITE &quot;21&quot; ;&quot;: " arg1="sdcard_so" arg2="C:/Users/boris/slova/ulx2s.lpf" arg3="61"  />
    <postMsg mid="1100679" type="Warning" dynamic="2" navigation="2" arg0="C:/Users/boris/slova/ulx2s.lpf(64): Semantic error in &quot;LOCATE COMP &quot;sram_wel&quot; SITE &quot;93&quot; ;&quot;: " arg1="sram_wel" arg2="C:/Users/boris/slova/ulx2s.lpf" arg3="64"  />
    <postMsg mid="1100679" type="Warning" dynamic="2" navigation="2" arg0="C:/Users/boris/slova/ulx2s.lpf(65): Semantic error in &quot;LOCATE COMP &quot;sram_lbl&quot; SITE &quot;120&quot; ;&quot;: " arg1="sram_lbl" arg2="C:/Users/boris/slova/ulx2s.lpf" arg3="65"  />
    <postMsg mid="1100679" type="Warning" dynamic="2" navigation="2" arg0="C:/Users/boris/slova/ulx2s.lpf(66): Semantic error in &quot;LOCATE COMP &quot;sram_ubl&quot; SITE &quot;121&quot; ;&quot;: " arg1="sram_ubl" arg2="C:/Users/boris/slova/ulx2s.lpf" arg3="66"  />
    <postMsg mid="1100679" type="Warning" dynamic="2" navigation="2" arg0="C:/Users/boris/slova/ulx2s.lpf(67): Semantic error in &quot;LOCATE COMP &quot;sram_a_0&quot; SITE &quot;101&quot; ;&quot;: " arg1="sram_a_0" arg2="C:/Users/boris/slova/ulx2s.lpf" arg3="67"  />
    <postMsg mid="1100679" type="Warning" dynamic="2" navigation="2" arg0="C:/Users/boris/slova/ulx2s.lpf(68): Semantic error in &quot;LOCATE COMP &quot;sram_a_1&quot; SITE &quot;103&quot; ;&quot;: " arg1="sram_a_1" arg2="C:/Users/boris/slova/ulx2s.lpf" arg3="68"  />
    <postMsg mid="1100679" type="Warning" dynamic="2" navigation="2" arg0="C:/Users/boris/slova/ulx2s.lpf(69): Semantic error in &quot;LOCATE COMP &quot;sram_a_2&quot; SITE &quot;104&quot; ;&quot;: " arg1="sram_a_2" arg2="C:/Users/boris/slova/ulx2s.lpf" arg3="69"  />
    <postMsg mid="1100679" type="Warning" dynamic="2" navigation="2" arg0="C:/Users/boris/slova/ulx2s.lpf(70): Semantic error in &quot;LOCATE COMP &quot;sram_a_3&quot; SITE &quot;107&quot; ;&quot;: " arg1="sram_a_3" arg2="C:/Users/boris/slova/ulx2s.lpf" arg3="70"  />
    <postMsg mid="1100679" type="Warning" dynamic="2" navigation="2" arg0="C:/Users/boris/slova/ulx2s.lpf(71): Semantic error in &quot;LOCATE COMP &quot;sram_a_4&quot; SITE &quot;108&quot; ;&quot;: " arg1="sram_a_4" arg2="C:/Users/boris/slova/ulx2s.lpf" arg3="71"  />
    <postMsg mid="1100679" type="Warning" dynamic="2" navigation="2" arg0="C:/Users/boris/slova/ulx2s.lpf(72): Semantic error in &quot;LOCATE COMP &quot;sram_a_5&quot; SITE &quot;125&quot; ;&quot;: " arg1="sram_a_5" arg2="C:/Users/boris/slova/ulx2s.lpf" arg3="72"  />
    <postMsg mid="1100679" type="Warning" dynamic="2" navigation="2" arg0="C:/Users/boris/slova/ulx2s.lpf(73): Semantic error in &quot;LOCATE COMP &quot;sram_a_6&quot; SITE &quot;127&quot; ;&quot;: " arg1="sram_a_6" arg2="C:/Users/boris/slova/ulx2s.lpf" arg3="73"  />
    <postMsg mid="1100679" type="Warning" dynamic="2" navigation="2" arg0="C:/Users/boris/slova/ulx2s.lpf(74): Semantic error in &quot;LOCATE COMP &quot;sram_a_7&quot; SITE &quot;122&quot; ;&quot;: " arg1="sram_a_7" arg2="C:/Users/boris/slova/ulx2s.lpf" arg3="74"  />
    <postMsg mid="1100679" type="Warning" dynamic="2" navigation="2" arg0="C:/Users/boris/slova/ulx2s.lpf(75): Semantic error in &quot;LOCATE COMP &quot;sram_a_8&quot; SITE &quot;58&quot; ;&quot;: " arg1="sram_a_8" arg2="C:/Users/boris/slova/ulx2s.lpf" arg3="75"  />
    <postMsg mid="1100679" type="Warning" dynamic="2" navigation="2" arg0="C:/Users/boris/slova/ulx2s.lpf(76): Semantic error in &quot;LOCATE COMP &quot;sram_a_9&quot; SITE &quot;53&quot; ;&quot;: " arg1="sram_a_9" arg2="C:/Users/boris/slova/ulx2s.lpf" arg3="76"  />
    <postMsg mid="1100679" type="Warning" dynamic="2" navigation="2" arg0="C:/Users/boris/slova/ulx2s.lpf(77): Semantic error in &quot;LOCATE COMP &quot;sram_a_10&quot; SITE &quot;54&quot; ;&quot;: " arg1="sram_a_10" arg2="C:/Users/boris/slova/ulx2s.lpf" arg3="77"  />
    <postMsg mid="1100679" type="Warning" dynamic="2" navigation="2" arg0="C:/Users/boris/slova/ulx2s.lpf(78): Semantic error in &quot;LOCATE COMP &quot;sram_a_11&quot; SITE &quot;55&quot; ;&quot;: " arg1="sram_a_11" arg2="C:/Users/boris/slova/ulx2s.lpf" arg3="78"  />
    <postMsg mid="1100679" type="Warning" dynamic="2" navigation="2" arg0="C:/Users/boris/slova/ulx2s.lpf(79): Semantic error in &quot;LOCATE COMP &quot;sram_a_12&quot; SITE &quot;56&quot; ;&quot;: " arg1="sram_a_12" arg2="C:/Users/boris/slova/ulx2s.lpf" arg3="79"  />
    <postMsg mid="1100679" type="Warning" dynamic="2" navigation="2" arg0="C:/Users/boris/slova/ulx2s.lpf(80): Semantic error in &quot;LOCATE COMP &quot;sram_a_13&quot; SITE &quot;57&quot; ;&quot;: " arg1="sram_a_13" arg2="C:/Users/boris/slova/ulx2s.lpf" arg3="80"  />
    <postMsg mid="1100679" type="Warning" dynamic="2" navigation="2" arg0="C:/Users/boris/slova/ulx2s.lpf(81): Semantic error in &quot;LOCATE COMP &quot;sram_a_14&quot; SITE &quot;73&quot; ;&quot;: " arg1="sram_a_14" arg2="C:/Users/boris/slova/ulx2s.lpf" arg3="81"  />
    <postMsg mid="1100679" type="Warning" dynamic="2" navigation="2" arg0="C:/Users/boris/slova/ulx2s.lpf(82): Semantic error in &quot;LOCATE COMP &quot;sram_a_15&quot; SITE &quot;74&quot; ;&quot;: " arg1="sram_a_15" arg2="C:/Users/boris/slova/ulx2s.lpf" arg3="82"  />
    <postMsg mid="1100679" type="Warning" dynamic="2" navigation="2" arg0="C:/Users/boris/slova/ulx2s.lpf(83): Semantic error in &quot;LOCATE COMP &quot;sram_a_16&quot; SITE &quot;77&quot; ;&quot;: " arg1="sram_a_16" arg2="C:/Users/boris/slova/ulx2s.lpf" arg3="83"  />
    <postMsg mid="1100679" type="Warning" dynamic="2" navigation="2" arg0="C:/Users/boris/slova/ulx2s.lpf(84): Semantic error in &quot;LOCATE COMP &quot;sram_a_17&quot; SITE &quot;78&quot; ;&quot;: " arg1="sram_a_17" arg2="C:/Users/boris/slova/ulx2s.lpf" arg3="84"  />
    <postMsg mid="1100679" type="Warning" dynamic="2" navigation="2" arg0="C:/Users/boris/slova/ulx2s.lpf(85): Semantic error in &quot;LOCATE COMP &quot;sram_a_18&quot; SITE &quot;94&quot; ;&quot;: " arg1="sram_a_18" arg2="C:/Users/boris/slova/ulx2s.lpf" arg3="85"  />
    <postMsg mid="1100679" type="Warning" dynamic="2" navigation="2" arg0="C:/Users/boris/slova/ulx2s.lpf(86): Semantic error in &quot;LOCATE COMP &quot;sram_d_0&quot; SITE &quot;98&quot; ;&quot;: " arg1="sram_d_0" arg2="C:/Users/boris/slova/ulx2s.lpf" arg3="86"  />
    <postMsg mid="1100679" type="Warning" dynamic="2" navigation="2" arg0="C:/Users/boris/slova/ulx2s.lpf(87): Semantic error in &quot;LOCATE COMP &quot;sram_d_1&quot; SITE &quot;96&quot; ;&quot;: " arg1="sram_d_1" arg2="C:/Users/boris/slova/ulx2s.lpf" arg3="87"  />
    <postMsg mid="1100679" type="Warning" dynamic="2" navigation="2" arg0="C:/Users/boris/slova/ulx2s.lpf(88): Semantic error in &quot;LOCATE COMP &quot;sram_d_2&quot; SITE &quot;92&quot; ;&quot;: " arg1="sram_d_2" arg2="C:/Users/boris/slova/ulx2s.lpf" arg3="88"  />
    <postMsg mid="1100679" type="Warning" dynamic="2" navigation="2" arg0="C:/Users/boris/slova/ulx2s.lpf(89): Semantic error in &quot;LOCATE COMP &quot;sram_d_3&quot; SITE &quot;91&quot; ;&quot;: " arg1="sram_d_3" arg2="C:/Users/boris/slova/ulx2s.lpf" arg3="89"  />
    <postMsg mid="1100679" type="Warning" dynamic="2" navigation="2" arg0="C:/Users/boris/slova/ulx2s.lpf(90): Semantic error in &quot;LOCATE COMP &quot;sram_d_4&quot; SITE &quot;89&quot; ;&quot;: " arg1="sram_d_4" arg2="C:/Users/boris/slova/ulx2s.lpf" arg3="90"  />
    <postMsg mid="1100679" type="Warning" dynamic="2" navigation="2" arg0="C:/Users/boris/slova/ulx2s.lpf(91): Semantic error in &quot;LOCATE COMP &quot;sram_d_5&quot; SITE &quot;88&quot; ;&quot;: " arg1="sram_d_5" arg2="C:/Users/boris/slova/ulx2s.lpf" arg3="91"  />
    <postMsg mid="1100679" type="Warning" dynamic="2" navigation="2" arg0="C:/Users/boris/slova/ulx2s.lpf(92): Semantic error in &quot;LOCATE COMP &quot;sram_d_6&quot; SITE &quot;87&quot; ;&quot;: " arg1="sram_d_6" arg2="C:/Users/boris/slova/ulx2s.lpf" arg3="92"  />
    <postMsg mid="1100679" type="Warning" dynamic="2" navigation="2" arg0="C:/Users/boris/slova/ulx2s.lpf(93): Semantic error in &quot;LOCATE COMP &quot;sram_d_7&quot; SITE &quot;90&quot; ;&quot;: " arg1="sram_d_7" arg2="C:/Users/boris/slova/ulx2s.lpf" arg3="93"  />
    <postMsg mid="1100679" type="Warning" dynamic="2" navigation="2" arg0="C:/Users/boris/slova/ulx2s.lpf(94): Semantic error in &quot;LOCATE COMP &quot;sram_d_8&quot; SITE &quot;61&quot; ;&quot;: " arg1="sram_d_8" arg2="C:/Users/boris/slova/ulx2s.lpf" arg3="94"  />
    <postMsg mid="1100679" type="Warning" dynamic="2" navigation="2" arg0="C:/Users/boris/slova/ulx2s.lpf(95): Semantic error in &quot;LOCATE COMP &quot;sram_d_9&quot; SITE &quot;62&quot; ;&quot;: " arg1="sram_d_9" arg2="C:/Users/boris/slova/ulx2s.lpf" arg3="95"  />
    <postMsg mid="1100679" type="Warning" dynamic="2" navigation="2" arg0="C:/Users/boris/slova/ulx2s.lpf(96): Semantic error in &quot;LOCATE COMP &quot;sram_d_10&quot; SITE &quot;99&quot; ;&quot;: " arg1="sram_d_10" arg2="C:/Users/boris/slova/ulx2s.lpf" arg3="96"  />
    <postMsg mid="1100679" type="Warning" dynamic="2" navigation="2" arg0="C:/Users/boris/slova/ulx2s.lpf(97): Semantic error in &quot;LOCATE COMP &quot;sram_d_11&quot; SITE &quot;100&quot; ;&quot;: " arg1="sram_d_11" arg2="C:/Users/boris/slova/ulx2s.lpf" arg3="97"  />
    <postMsg mid="1100679" type="Warning" dynamic="2" navigation="2" arg0="C:/Users/boris/slova/ulx2s.lpf(98): Semantic error in &quot;LOCATE COMP &quot;sram_d_12&quot; SITE &quot;102&quot; ;&quot;: " arg1="sram_d_12" arg2="C:/Users/boris/slova/ulx2s.lpf" arg3="98"  />
    <postMsg mid="1100679" type="Warning" dynamic="2" navigation="2" arg0="C:/Users/boris/slova/ulx2s.lpf(99): Semantic error in &quot;LOCATE COMP &quot;sram_d_13&quot; SITE &quot;113&quot; ;&quot;: " arg1="sram_d_13" arg2="C:/Users/boris/slova/ulx2s.lpf" arg3="99"  />
    <postMsg mid="1100679" type="Warning" dynamic="2" navigation="2" arg0="C:/Users/boris/slova/ulx2s.lpf(100): Semantic error in &quot;LOCATE COMP &quot;sram_d_14&quot; SITE &quot;116&quot; ;&quot;: " arg1="sram_d_14" arg2="C:/Users/boris/slova/ulx2s.lpf" arg3="100"  />
    <postMsg mid="1100679" type="Warning" dynamic="2" navigation="2" arg0="C:/Users/boris/slova/ulx2s.lpf(101): Semantic error in &quot;LOCATE COMP &quot;sram_d_15&quot; SITE &quot;119&quot; ;&quot;: " arg1="sram_d_15" arg2="C:/Users/boris/slova/ulx2s.lpf" arg3="101"  />
    <postMsg mid="1100679" type="Warning" dynamic="2" navigation="2" arg0="C:/Users/boris/slova/ulx2s.lpf(105): Semantic error in &quot;LOCATE COMP &quot;j1_2&quot; SITE &quot;131&quot; ;&quot;: " arg1="j1_2" arg2="C:/Users/boris/slova/ulx2s.lpf" arg3="105"  />
    <postMsg mid="1100679" type="Warning" dynamic="2" navigation="2" arg0="C:/Users/boris/slova/ulx2s.lpf(106): Semantic error in &quot;LOCATE COMP &quot;j1_3&quot; SITE &quot;134&quot; ;&quot;: " arg1="j1_3" arg2="C:/Users/boris/slova/ulx2s.lpf" arg3="106"  />
    <postMsg mid="1100679" type="Warning" dynamic="2" navigation="2" arg0="C:/Users/boris/slova/ulx2s.lpf(107): Semantic error in &quot;LOCATE COMP &quot;j1_4&quot; SITE &quot;9&quot; ;&quot;: " arg1="j1_4" arg2="C:/Users/boris/slova/ulx2s.lpf" arg3="107"  />
    <postMsg mid="1100679" type="Warning" dynamic="2" navigation="2" arg0="C:/Users/boris/slova/ulx2s.lpf(108): Semantic error in &quot;LOCATE COMP &quot;j1_5&quot; SITE &quot;138&quot; ;&quot;: " arg1="j1_5" arg2="C:/Users/boris/slova/ulx2s.lpf" arg3="108"  />
    <postMsg mid="1100679" type="Warning" dynamic="2" navigation="2" arg0="C:/Users/boris/slova/ulx2s.lpf(109): Semantic error in &quot;LOCATE COMP &quot;j1_6&quot; SITE &quot;6&quot; ;&quot;: " arg1="j1_6" arg2="C:/Users/boris/slova/ulx2s.lpf" arg3="109"  />
    <postMsg mid="1100679" type="Warning" dynamic="2" navigation="2" arg0="C:/Users/boris/slova/ulx2s.lpf(110): Semantic error in &quot;LOCATE COMP &quot;j1_7&quot; SITE &quot;5&quot; ;&quot;: " arg1="j1_7" arg2="C:/Users/boris/slova/ulx2s.lpf" arg3="110"  />
    <postMsg mid="1100679" type="Warning" dynamic="2" navigation="2" arg0="C:/Users/boris/slova/ulx2s.lpf(111): Semantic error in &quot;LOCATE COMP &quot;j1_8&quot; SITE &quot;8&quot; ;&quot;: " arg1="j1_8" arg2="C:/Users/boris/slova/ulx2s.lpf" arg3="111"  />
    <postMsg mid="1100679" type="Warning" dynamic="2" navigation="2" arg0="C:/Users/boris/slova/ulx2s.lpf(112): Semantic error in &quot;LOCATE COMP &quot;j1_9&quot; SITE &quot;7&quot; ;&quot;: " arg1="j1_9" arg2="C:/Users/boris/slova/ulx2s.lpf" arg3="112"  />
    <postMsg mid="1100679" type="Warning" dynamic="2" navigation="2" arg0="C:/Users/boris/slova/ulx2s.lpf(113): Semantic error in &quot;LOCATE COMP &quot;j1_10&quot; SITE &quot;1&quot; ;&quot;: " arg1="j1_10" arg2="C:/Users/boris/slova/ulx2s.lpf" arg3="113"  />
    <postMsg mid="1100679" type="Warning" dynamic="2" navigation="2" arg0="C:/Users/boris/slova/ulx2s.lpf(114): Semantic error in &quot;LOCATE COMP &quot;j1_11&quot; SITE &quot;2&quot; ;&quot;: " arg1="j1_11" arg2="C:/Users/boris/slova/ulx2s.lpf" arg3="114"  />
    <postMsg mid="1100679" type="Warning" dynamic="2" navigation="2" arg0="C:/Users/boris/slova/ulx2s.lpf(115): Semantic error in &quot;LOCATE COMP &quot;j1_12&quot; SITE &quot;144&quot; ;&quot;: " arg1="j1_12" arg2="C:/Users/boris/slova/ulx2s.lpf" arg3="115"  />
    <postMsg mid="1100679" type="Warning" dynamic="2" navigation="2" arg0="C:/Users/boris/slova/ulx2s.lpf(116): Semantic error in &quot;LOCATE COMP &quot;j1_13&quot; SITE &quot;143&quot; ;&quot;: " arg1="j1_13" arg2="C:/Users/boris/slova/ulx2s.lpf" arg3="116"  />
    <postMsg mid="1100679" type="Warning" dynamic="2" navigation="2" arg0="C:/Users/boris/slova/ulx2s.lpf(117): Semantic error in &quot;LOCATE COMP &quot;j1_14&quot; SITE &quot;142&quot; ;&quot;: " arg1="j1_14" arg2="C:/Users/boris/slova/ulx2s.lpf" arg3="117"  />
    <postMsg mid="1100679" type="Warning" dynamic="2" navigation="2" arg0="C:/Users/boris/slova/ulx2s.lpf(118): Semantic error in &quot;LOCATE COMP &quot;j1_15&quot; SITE &quot;141&quot; ;&quot;: " arg1="j1_15" arg2="C:/Users/boris/slova/ulx2s.lpf" arg3="118"  />
    <postMsg mid="1100679" type="Warning" dynamic="2" navigation="2" arg0="C:/Users/boris/slova/ulx2s.lpf(119): Semantic error in &quot;LOCATE COMP &quot;j1_16&quot; SITE &quot;133&quot; ;&quot;: " arg1="j1_16" arg2="C:/Users/boris/slova/ulx2s.lpf" arg3="119"  />
    <postMsg mid="1100679" type="Warning" dynamic="2" navigation="2" arg0="C:/Users/boris/slova/ulx2s.lpf(120): Semantic error in &quot;LOCATE COMP &quot;j1_17&quot; SITE &quot;132&quot; ;&quot;: " arg1="j1_17" arg2="C:/Users/boris/slova/ulx2s.lpf" arg3="120"  />
    <postMsg mid="1100679" type="Warning" dynamic="2" navigation="2" arg0="C:/Users/boris/slova/ulx2s.lpf(121): Semantic error in &quot;LOCATE COMP &quot;j1_19&quot; SITE &quot;123&quot; ;&quot;: " arg1="j1_19" arg2="C:/Users/boris/slova/ulx2s.lpf" arg3="121"  />
    <postMsg mid="1100679" type="Warning" dynamic="2" navigation="2" arg0="C:/Users/boris/slova/ulx2s.lpf(122): Semantic error in &quot;LOCATE COMP &quot;j1_18&quot; SITE &quot;124&quot; ;&quot;: " arg1="j1_18" arg2="C:/Users/boris/slova/ulx2s.lpf" arg3="122"  />
    <postMsg mid="1100679" type="Warning" dynamic="2" navigation="2" arg0="C:/Users/boris/slova/ulx2s.lpf(123): Semantic error in &quot;LOCATE COMP &quot;j1_20&quot; SITE &quot;115&quot; ;&quot;: " arg1="j1_20" arg2="C:/Users/boris/slova/ulx2s.lpf" arg3="123"  />
    <postMsg mid="1100679" type="Warning" dynamic="2" navigation="2" arg0="C:/Users/boris/slova/ulx2s.lpf(124): Semantic error in &quot;LOCATE COMP &quot;j1_21&quot; SITE &quot;114&quot; ;&quot;: " arg1="j1_21" arg2="C:/Users/boris/slova/ulx2s.lpf" arg3="124"  />
    <postMsg mid="1100679" type="Warning" dynamic="2" navigation="2" arg0="C:/Users/boris/slova/ulx2s.lpf(125): Semantic error in &quot;LOCATE COMP &quot;j1_22&quot; SITE &quot;110&quot; ;&quot;: " arg1="j1_22" arg2="C:/Users/boris/slova/ulx2s.lpf" arg3="125"  />
    <postMsg mid="1100679" type="Warning" dynamic="2" navigation="2" arg0="C:/Users/boris/slova/ulx2s.lpf(126): Semantic error in &quot;LOCATE COMP &quot;j1_23&quot; SITE &quot;109&quot; ;&quot;: " arg1="j1_23" arg2="C:/Users/boris/slova/ulx2s.lpf" arg3="126"  />
    <postMsg mid="1100679" type="Warning" dynamic="2" navigation="2" arg0="C:/Users/boris/slova/ulx2s.lpf(131): Semantic error in &quot;LOCATE COMP &quot;j2_2&quot; SITE &quot;72&quot; ;&quot;: " arg1="j2_2" arg2="C:/Users/boris/slova/ulx2s.lpf" arg3="131"  />
    <postMsg mid="1100679" type="Warning" dynamic="2" navigation="2" arg0="C:/Users/boris/slova/ulx2s.lpf(132): Semantic error in &quot;LOCATE COMP &quot;j2_3&quot; SITE &quot;71&quot; ;&quot;: " arg1="j2_3" arg2="C:/Users/boris/slova/ulx2s.lpf" arg3="132"  />
    <postMsg mid="1100679" type="Warning" dynamic="2" navigation="2" arg0="C:/Users/boris/slova/ulx2s.lpf(133): Semantic error in &quot;LOCATE COMP &quot;j2_4&quot; SITE &quot;70&quot; ;&quot;: " arg1="j2_4" arg2="C:/Users/boris/slova/ulx2s.lpf" arg3="133"  />
    <postMsg mid="1100679" type="Warning" dynamic="2" navigation="2" arg0="C:/Users/boris/slova/ulx2s.lpf(134): Semantic error in &quot;LOCATE COMP &quot;j2_5&quot; SITE &quot;69&quot; ;&quot;: " arg1="j2_5" arg2="C:/Users/boris/slova/ulx2s.lpf" arg3="134"  />
    <postMsg mid="1100679" type="Warning" dynamic="2" navigation="2" arg0="C:/Users/boris/slova/ulx2s.lpf(135): Semantic error in &quot;LOCATE COMP &quot;j2_6&quot; SITE &quot;66&quot; ;&quot;: " arg1="j2_6" arg2="C:/Users/boris/slova/ulx2s.lpf" arg3="135"  />
    <postMsg mid="1100679" type="Warning" dynamic="2" navigation="2" arg0="C:/Users/boris/slova/ulx2s.lpf(136): Semantic error in &quot;LOCATE COMP &quot;j2_7&quot; SITE &quot;65&quot; ;&quot;: " arg1="j2_7" arg2="C:/Users/boris/slova/ulx2s.lpf" arg3="136"  />
    <postMsg mid="1100679" type="Warning" dynamic="2" navigation="2" arg0="C:/Users/boris/slova/ulx2s.lpf(137): Semantic error in &quot;LOCATE COMP &quot;j2_8&quot; SITE &quot;52&quot; ;&quot;: " arg1="j2_8" arg2="C:/Users/boris/slova/ulx2s.lpf" arg3="137"  />
    <postMsg mid="1100679" type="Warning" dynamic="2" navigation="2" arg0="C:/Users/boris/slova/ulx2s.lpf(138): Semantic error in &quot;LOCATE COMP &quot;j2_9&quot; SITE &quot;50&quot; ;&quot;: " arg1="j2_9" arg2="C:/Users/boris/slova/ulx2s.lpf" arg3="138"  />
    <postMsg mid="1100679" type="Warning" dynamic="2" navigation="2" arg0="C:/Users/boris/slova/ulx2s.lpf(139): Semantic error in &quot;LOCATE COMP &quot;j2_10&quot; SITE &quot;48&quot; ;&quot;: " arg1="j2_10" arg2="C:/Users/boris/slova/ulx2s.lpf" arg3="139"  />
    <postMsg mid="1100679" type="Warning" dynamic="2" navigation="2" arg0="C:/Users/boris/slova/ulx2s.lpf(140): Semantic error in &quot;LOCATE COMP &quot;j2_11&quot; SITE &quot;47&quot; ;&quot;: " arg1="j2_11" arg2="C:/Users/boris/slova/ulx2s.lpf" arg3="140"  />
    <postMsg mid="1100679" type="Warning" dynamic="2" navigation="2" arg0="C:/Users/boris/slova/ulx2s.lpf(141): Semantic error in &quot;LOCATE COMP &quot;j2_12&quot; SITE &quot;40&quot; ;&quot;: " arg1="j2_12" arg2="C:/Users/boris/slova/ulx2s.lpf" arg3="141"  />
    <postMsg mid="1100679" type="Warning" dynamic="2" navigation="2" arg0="C:/Users/boris/slova/ulx2s.lpf(142): Semantic error in &quot;LOCATE COMP &quot;j2_13&quot; SITE &quot;39&quot; ;&quot;: " arg1="j2_13" arg2="C:/Users/boris/slova/ulx2s.lpf" arg3="142"  />
    <postMsg mid="1100679" type="Warning" dynamic="2" navigation="2" arg0="C:/Users/boris/slova/ulx2s.lpf(143): Semantic error in &quot;LOCATE COMP &quot;j2_14&quot; SITE &quot;38&quot; ;&quot;: " arg1="j2_14" arg2="C:/Users/boris/slova/ulx2s.lpf" arg3="143"  />
    <postMsg mid="1100679" type="Warning" dynamic="2" navigation="2" arg0="C:/Users/boris/slova/ulx2s.lpf(144): Semantic error in &quot;LOCATE COMP &quot;j2_15&quot; SITE &quot;22&quot; ;&quot;: " arg1="j2_15" arg2="C:/Users/boris/slova/ulx2s.lpf" arg3="144"  />
    <postMsg mid="1100679" type="Warning" dynamic="2" navigation="2" arg0="C:/Users/boris/slova/ulx2s.lpf(145): Semantic error in &quot;LOCATE COMP &quot;j2_16&quot; SITE &quot;31&quot; ;&quot;: " arg1="j2_16" arg2="C:/Users/boris/slova/ulx2s.lpf" arg3="145"  />
    <postMsg mid="1100679" type="Warning" dynamic="2" navigation="2" arg0="C:/Users/boris/slova/ulx2s.lpf(146): Semantic error in &quot;LOCATE COMP &quot;j2_17&quot; SITE &quot;29&quot; ;&quot;: " arg1="j2_17" arg2="C:/Users/boris/slova/ulx2s.lpf" arg3="146"  />
    <postMsg mid="1100679" type="Warning" dynamic="2" navigation="2" arg0="C:/Users/boris/slova/ulx2s.lpf(147): Semantic error in &quot;LOCATE COMP &quot;j2_18&quot; SITE &quot;37&quot; ;&quot;: " arg1="j2_18" arg2="C:/Users/boris/slova/ulx2s.lpf" arg3="147"  />
    <postMsg mid="1100679" type="Warning" dynamic="2" navigation="2" arg0="C:/Users/boris/slova/ulx2s.lpf(148): Semantic error in &quot;LOCATE COMP &quot;j2_19&quot; SITE &quot;36&quot; ;&quot;: " arg1="j2_19" arg2="C:/Users/boris/slova/ulx2s.lpf" arg3="148"  />
    <postMsg mid="1100679" type="Warning" dynamic="2" navigation="2" arg0="C:/Users/boris/slova/ulx2s.lpf(149): Semantic error in &quot;LOCATE COMP &quot;j2_20&quot; SITE &quot;35&quot; ;&quot;: " arg1="j2_20" arg2="C:/Users/boris/slova/ulx2s.lpf" arg3="149"  />
    <postMsg mid="1100679" type="Warning" dynamic="2" navigation="2" arg0="C:/Users/boris/slova/ulx2s.lpf(150): Semantic error in &quot;LOCATE COMP &quot;j2_21&quot; SITE &quot;32&quot; ;&quot;: " arg1="j2_21" arg2="C:/Users/boris/slova/ulx2s.lpf" arg3="150"  />
    <postMsg mid="1100679" type="Warning" dynamic="2" navigation="2" arg0="C:/Users/boris/slova/ulx2s.lpf(151): Semantic error in &quot;LOCATE COMP &quot;j2_22&quot; SITE &quot;27&quot; ;&quot;: " arg1="j2_22" arg2="C:/Users/boris/slova/ulx2s.lpf" arg3="151"  />
    <postMsg mid="1100679" type="Warning" dynamic="2" navigation="2" arg0="C:/Users/boris/slova/ulx2s.lpf(152): Semantic error in &quot;LOCATE COMP &quot;j2_23&quot; SITE &quot;28&quot; ;&quot;: " arg1="j2_23" arg2="C:/Users/boris/slova/ulx2s.lpf" arg3="152"  />
    <postMsg mid="1100679" type="Warning" dynamic="2" navigation="2" arg0="C:/Users/boris/slova/ulx2s.lpf(158): Semantic error in &quot;LOCATE COMP &quot;lcd_data_0&quot; SITE &quot;8&quot; ;&quot;: " arg1="lcd_data_0" arg2="C:/Users/boris/slova/ulx2s.lpf" arg3="158"  />
    <postMsg mid="1100679" type="Warning" dynamic="2" navigation="2" arg0="C:/Users/boris/slova/ulx2s.lpf(159): Semantic error in &quot;LOCATE COMP &quot;lcd_data_1&quot; SITE &quot;9&quot; ;&quot;: " arg1="lcd_data_1" arg2="C:/Users/boris/slova/ulx2s.lpf" arg3="159"  />
    <postMsg mid="1100679" type="Warning" dynamic="2" navigation="2" arg0="C:/Users/boris/slova/ulx2s.lpf(160): Semantic error in &quot;LOCATE COMP &quot;lcd_data_2&quot; SITE &quot;134&quot; ;&quot;: " arg1="lcd_data_2" arg2="C:/Users/boris/slova/ulx2s.lpf" arg3="160"  />
    <postMsg mid="1100679" type="Warning" dynamic="2" navigation="2" arg0="C:/Users/boris/slova/ulx2s.lpf(161): Semantic error in &quot;LOCATE COMP &quot;lcd_data_3&quot; SITE &quot;131&quot; ;&quot;: " arg1="lcd_data_3" arg2="C:/Users/boris/slova/ulx2s.lpf" arg3="161"  />
    <postMsg mid="1100679" type="Warning" dynamic="2" navigation="2" arg0="C:/Users/boris/slova/ulx2s.lpf(162): Semantic error in &quot;LOCATE COMP &quot;lcd_rs&quot; SITE &quot;143&quot; ;&quot;: " arg1="lcd_rs" arg2="C:/Users/boris/slova/ulx2s.lpf" arg3="162"  />
    <postMsg mid="1100679" type="Warning" dynamic="2" navigation="2" arg0="C:/Users/boris/slova/ulx2s.lpf(163): Semantic error in &quot;LOCATE COMP &quot;lcd_e&quot; SITE &quot;7&quot; ;&quot;: " arg1="lcd_e" arg2="C:/Users/boris/slova/ulx2s.lpf" arg3="163"  />
    <postMsg mid="1100644" type="Warning" dynamic="2" navigation="2" arg0="C:/Users/boris/slova/ulx2s.lpf(174): Semantic error in &quot;IOBUF PORT &quot;sw[1]&quot; PULLMODE=DOWN ;&quot;: " arg1="sw[1]" arg2="C:/Users/boris/slova/ulx2s.lpf" arg3="174"  />
    <postMsg mid="1100644" type="Warning" dynamic="2" navigation="2" arg0="C:/Users/boris/slova/ulx2s.lpf(175): Semantic error in &quot;IOBUF PORT &quot;sw[2]&quot; PULLMODE=DOWN ;&quot;: " arg1="sw[2]" arg2="C:/Users/boris/slova/ulx2s.lpf" arg3="175"  />
    <postMsg mid="1100644" type="Warning" dynamic="2" navigation="2" arg0="C:/Users/boris/slova/ulx2s.lpf(176): Semantic error in &quot;IOBUF PORT &quot;sw[3]&quot; PULLMODE=DOWN ;&quot;: " arg1="sw[3]" arg2="C:/Users/boris/slova/ulx2s.lpf" arg3="176"  />
    <postMsg mid="1100644" type="Warning" dynamic="2" navigation="2" arg0="C:/Users/boris/slova/ulx2s.lpf(184): Semantic error in &quot;IOBUF PORT &quot;sdcard_so&quot; PULLMODE=UP ;&quot;: " arg1="sdcard_so" arg2="C:/Users/boris/slova/ulx2s.lpf" arg3="184"  />
    <postMsg mid="1100644" type="Warning" dynamic="2" navigation="2" arg0="C:/Users/boris/slova/ulx2s.lpf(187): Semantic error in &quot;IOBUF PORT &quot;p_ring&quot; DRIVE=20 PULLMODE=NONE ;&quot;: " arg1="p_ring" arg2="C:/Users/boris/slova/ulx2s.lpf" arg3="187"  />
    <postMsg mid="1100644" type="Warning" dynamic="2" navigation="2" arg0="C:/Users/boris/slova/ulx2s.lpf(188): Semantic error in &quot;IOBUF PORT &quot;p_tip_0&quot; DRIVE=20 PULLMODE=NONE ;&quot;: " arg1="p_tip_0" arg2="C:/Users/boris/slova/ulx2s.lpf" arg3="188"  />
    <postMsg mid="1100644" type="Warning" dynamic="2" navigation="2" arg0="C:/Users/boris/slova/ulx2s.lpf(189): Semantic error in &quot;IOBUF PORT &quot;p_tip_1&quot; DRIVE=20 PULLMODE=NONE ;&quot;: " arg1="p_tip_1" arg2="C:/Users/boris/slova/ulx2s.lpf" arg3="189"  />
    <postMsg mid="1100644" type="Warning" dynamic="2" navigation="2" arg0="C:/Users/boris/slova/ulx2s.lpf(190): Semantic error in &quot;IOBUF PORT &quot;p_tip_2&quot; DRIVE=20 PULLMODE=NONE ;&quot;: " arg1="p_tip_2" arg2="C:/Users/boris/slova/ulx2s.lpf" arg3="190"  />
    <postMsg mid="1100644" type="Warning" dynamic="2" navigation="2" arg0="C:/Users/boris/slova/ulx2s.lpf(191): Semantic error in &quot;IOBUF PORT &quot;p_tip_3&quot; DRIVE=20 PULLMODE=NONE ;&quot;: " arg1="p_tip_3" arg2="C:/Users/boris/slova/ulx2s.lpf" arg3="191"  />
Loading device for application map from file 'mg5a33x38.nph' in environment: C:/lscc/diamond/3.11_x64/ispfpga.
Package Status:                     Final          Version 1.47.

Running general design DRC...

Removing unused logic...

Optimizing...

118 CCU2 constant inputs absorbed.

    <postMsg mid="51001046" type="Warning" dynamic="1" navigation="0" arg0="sw[3:0](3)"  />
    <postMsg mid="51001046" type="Warning" dynamic="1" navigation="0" arg0="sw[3:0](2)"  />
    <postMsg mid="51001046" type="Warning" dynamic="1" navigation="0" arg0="sw[3:0](1)"  />



Design Summary:
   Number of registers:     77 out of  6564 (1%)
      PFU registers:           76 out of  6264 (1%)
      PIO registers:            1 out of   300 (0%)
   Number of SLICEs:        92 out of  4176 (2%)
      SLICEs as Logic/ROM:     92 out of  4176 (2%)
      SLICEs as RAM:            0 out of   756 (0%)
      SLICEs as Carry:         29 out of  4176 (1%)
   Number of LUT4s:        176 out of  8352 (2%)
      Number used as logic LUTs:        118
      Number used as distributed RAM:     0
      Number used as ripple logic:       58
      Number used as shift registers:     0
   Number of PIO sites used: 16 out of 100 (16%)
   Number of PIO FIXEDDELAY:    0
   Number of DQSDLLs:  0 out of 2 (0%)
   Number of PLLs:  0 out of 2 (0%)
   Number of block RAMs:  0 out of 12 (0%)
   Number of CLKDIVs:  0 out of 2 (0%)
   Number of GSRs:  0 out of 1 (0%)
   JTAG used :      No
   Readback used :  No
   Oscillator used :  No
   Startup used :   No
   Notes:-
      1. Total number of LUT4s = (Number of logic LUT4s) + 2*(Number of distributed RAMs) + 2*(Number of ripple logic)
      2. Number of logic LUT4s does not include count of distributed RAM and ripple logic.

   Number Of Mapped DSP Components:
   --------------------------------
   MULT36X36B          0
   MULT18X18B          0
   MULT18X18MACB       0
   MULT18X18ADDSUBB    0
   MULT18X18ADDSUBSUMB 0
   MULT9X9B            0
   MULT9X9ADDSUBB      0
   MULT9X9ADDSUBSUMB   0
   --------------------------------
   Number of Used DSP Sites:  0 out of 32 (0 %)
   Number of clocks:  1
     Net clk_25m_c: 41 loads, 41 rising, 0 falling (Driver: PIO clk_25m )
   Number of Clock Enables:  2
     Net serializer.R_tx_ser_1_sqmuxa_i: 5 loads, 4 LSLICEs
     Net serializer/un1_R_debounce_cnt_1_i: 16 loads, 16 LSLICEs
   Number of LSRs:  2
     Net serializer/un1_byte_in_i: 17 loads, 17 LSLICEs
     Net serializer/R_tx_phase_0_sqmuxa: 2 loads, 2 LSLICEs
   Number of nets driven by tri-state buffers:  0
   Top 10 highest fanout non-clock nets:
     Net serializer/VCC: 50 loads
     Net serializer/un1_byte_in_i: 17 loads
     Net serializer/un1_R_debounce_cnt_1_i: 16 loads
     Net serializer/R_baudgen[16]: 15 loads
     Net serializer/un6_r_tx_tickcnt: 12 loads
     Net serializer/un1_R_tx_phase_1: 11 loads
     Net btn_center_c: 10 loads
     Net btn_right_c: 9 loads
     Net serializer/R_debounce_cnt[0]: 8 loads
     Net sw_c[0]: 8 loads
 

   Number of warnings:  114
   Number of errors:    0



Total CPU Time: 0 secs  
Total REAL Time: 0 secs  
Peak Memory Usage: 69 MB

Dumping design to file slova_impl1_map.ncd.

mpartrce -p "slova_impl1.p2t" -f "slova_impl1.p3t" -tf "slova_impl1.pt" "slova_impl1_map.ncd" "slova_impl1.ncd"

---- MParTrce Tool ----
Removing old design directory at request of -rem command line option to this program.
Running par. Please wait . . .

Lattice Place and Route Report for Design "slova_impl1_map.ncd"
Wed Dec 02 23:22:20 2020

PAR: Place And Route Diamond (64-bit) 3.11.0.396.4.
Command Line: par -w -l 5 -i 6 -t 1 -c 0 -e 0 -gui -exp parUseNBR=1:parCDP=auto:parCDR=1:parPathBased=OFF slova_impl1_map.ncd slova_impl1.dir/5_1.ncd slova_impl1.prf
Preference file: slova_impl1.prf.
Placement level-cost: 5-1.
Routing Iterations: 6

Loading design for application par from file slova_impl1_map.ncd.
Design name: slova
NCD version: 3.3
Vendor:      LATTICE
Device:      LFXP2-8E
Package:     TQFP144
Performance: 5
Loading device for application par from file 'mg5a33x38.nph' in environment: C:/lscc/diamond/3.11_x64/ispfpga.
Package Status:                     Final          Version 1.47.
Performance Hardware Data Status:   Final          Version 11.5.
License checked out.


Ignore Preference Error(s):  True
Device utilization summary:

   IOLOGIC            1/260          <1% used
   PIO (prelim)      16/238           6% used
                     16/100          16% bonded
   SLICE             92/4176          2% used



Number of Signals: 275
Number of Connections: 731

Pin Constraint Summary:
   16 out of 16 pins locked (100% locked).

The following 1 signal is selected to use the primary clock routing resources:
    clk_25m_c (driver: clk_25m, clk load #: 41)

No signal is selected as DCS clock.

No signal is selected as secondary clock.

No signal is selected as Global Set/Reset.
Starting Placer Phase 0.
.........
Finished Placer Phase 0.  REAL time: 0 secs 

Starting Placer Phase 1.
..................
Placer score = 32368.
Finished Placer Phase 1.  REAL time: 8 secs 

Starting Placer Phase 2.
.
Placer score =  32317
Finished Placer Phase 2.  REAL time: 8 secs 


------------------ Clock Report ------------------

Global Clock Resources:
  CLK_PIN    : 0 out of 8 (0%)
  General PIO: 1 out of 260 (0%)
  PLL        : 0 out of 2 (0%)
  CLKDIV     : 0 out of 2 (0%)

Global Clocks:
  PRIMARY "clk_25m_c" from comp "clk_25m" on PIO site "30 (PL18B)", clk load = 41

  PRIMARY  : 1 out of 8 (12%)
     DCS   : 0 out of 2 (0%)
  SECONDARY: 0 out of 4 (0%)

Edge Clocks:
  No edge clock selected

--------------- End of Clock Report ---------------


I/O Usage Summary (final):
   16 out of 238 (6.7%) PIO sites used.
   16 out of 100 (16.0%) bonded PIO sites used.
   Number of PIO comps: 16; differential: 0.
   Number of Vref pins used: 0.

I/O Bank Usage Summary:
+----------+---------------+------------+------------+------------+
| I/O Bank | Usage         | Bank Vccio | Bank Vref1 | Bank Vref2 |
+----------+---------------+------------+------------+------------+
| 0        | 3 / 20 ( 15%) | 3.3V       | -          | -          |
| 1        | 0 / 6 (  0%)  | -          | -          | -          |
| 2        | 0 / 18 (  0%) | -          | -          | -          |
| 3        | 0 / 4 (  0%)  | -          | -          | -          |
| 4        | 0 / 8 (  0%)  | -          | -          | -          |
| 5        | 3 / 18 ( 16%) | 3.3V       | -          | -          |
| 6        | 4 / 8 ( 50%)  | 3.3V       | -          | -          |
| 7        | 6 / 18 ( 33%) | 3.3V       | -          | -          |
+----------+---------------+------------+------------+------------+


DSP Utilization Summary:
-------------------------------------
DSP Block #:              1 2 3 4
# of MULT36X36B                  
# of MULT18X18B                  
# of MULT18X18MACB               
# of MULT18X18ADDSUBB            
# of MULT18X18ADDSUBSUMB         
# of MULT9X9B                    
# of MULT9X9ADDSUBB              
# of MULT9X9ADDSUBSUMB           

Total placer CPU time: 7 secs 

Dumping design to file slova_impl1.dir/5_1.ncd.

0 connections routed; 731 unrouted.
Starting router resource preassignment
    <postMsg mid="62071013" type="Warning" dynamic="1" navigation="0" arg0="clk_25m_c"  />

Completed router resource preassignment. Real time: 9 secs 

Start NBR router at 23:22:29 12/02/20

*****************************************************************
Info: NBR allows conflicts(one node used by more than one signal)
      in the earlier iterations. In each iteration, it tries to  
      solve the conflicts while keeping the critical connections 
      routed as short as possible. The routing process is said to
      be completed when no conflicts exist and all connections   
      are routed.                                                
Note: NBR uses a different method to calculate timing slacks. The
      worst slack and total negative slack may not be the same as
      that in TRCE report. You should always run TRCE to verify  
      your design.                                               
*****************************************************************

Start NBR special constraint process at 23:22:30 12/02/20

Start NBR section for initial routing at 23:22:30 12/02/20
Level 4, iteration 1
23(0.01%) conflicts; 0(0.00%) untouched conn; 0 (nbr) score; 
Estimated worst slack/total negative slack<setup>: 32.028ns/0.000ns; real time: 10 secs 

Info: Initial congestion level at 75% usage is 0
Info: Initial congestion area  at 75% usage is 0 (0.00%)

Start NBR section for normal routing at 23:22:30 12/02/20
Level 4, iteration 1
11(0.00%) conflicts; 0(0.00%) untouched conn; 0 (nbr) score; 
Estimated worst slack/total negative slack<setup>: 32.028ns/0.000ns; real time: 10 secs 
Level 4, iteration 2
4(0.00%) conflicts; 0(0.00%) untouched conn; 0 (nbr) score; 
Estimated worst slack/total negative slack<setup>: 31.815ns/0.000ns; real time: 10 secs 
Level 4, iteration 3
1(0.00%) conflict; 0(0.00%) untouched conn; 0 (nbr) score; 
Estimated worst slack/total negative slack<setup>: 31.815ns/0.000ns; real time: 10 secs 
Level 4, iteration 4
1(0.00%) conflict; 0(0.00%) untouched conn; 0 (nbr) score; 
Estimated worst slack/total negative slack<setup>: 31.815ns/0.000ns; real time: 10 secs 
Level 4, iteration 5
0(0.00%) conflict; 0(0.00%) untouched conn; 0 (nbr) score; 
Estimated worst slack/total negative slack<setup>: 31.815ns/0.000ns; real time: 10 secs 

Start NBR section for setup/hold timing optimization with effort level 3 at 23:22:30 12/02/20

Start NBR section for re-routing at 23:22:30 12/02/20
Level 4, iteration 1
0(0.00%) conflict; 0(0.00%) untouched conn; 0 (nbr) score; 
Estimated worst slack/total negative slack<setup>: 31.815ns/0.000ns; real time: 10 secs 

Start NBR section for post-routing at 23:22:30 12/02/20

End NBR router with 0 unrouted connection

NBR Summary
-----------
  Number of unrouted connections : 0 (0.00%)
  Number of connections with timing violations : 0 (0.00%)
  Estimated worst slack<setup> : 31.815ns
  Timing score<setup> : 0
-----------
Notes: The timing info is calculated for SETUP only and all PAR_ADJs are ignored.



Total CPU time 10 secs 
Total REAL time: 11 secs 
Completely routed.
End of route.  731 routed (100.00%); 0 unrouted.

Hold time timing score: 0, hold timing errors: 0

Timing score: 0 

Dumping design to file slova_impl1.dir/5_1.ncd.


PAR_SUMMARY::Run status = Completed
PAR_SUMMARY::Number of unrouted conns = 0
PAR_SUMMARY::Worst  slack<setup/<ns>> = 31.815
PAR_SUMMARY::Timing score<setup/<ns>> = 0.000
PAR_SUMMARY::Worst  slack<hold /<ns>> = 0.235
PAR_SUMMARY::Timing score<hold /<ns>> = 0.000
PAR_SUMMARY::Number of errors = 0

Total CPU  time to completion: 11 secs 
Total REAL time to completion: 11 secs 

par done!

Note: user must run 'Trace' for timing closure signoff.

Copyright (c) 1991-1994 by NeoCAD Inc. All rights reserved.
Copyright (c) 1995 AT&T Corp.   All rights reserved.
Copyright (c) 1995-2001 Lucent Technologies Inc.  All rights reserved.
Copyright (c) 2001 Agere Systems   All rights reserved.
Copyright (c) 2002-2019 Lattice Semiconductor Corporation,  All rights reserved.
Exiting par with exit code 0
Exiting mpartrce with exit code 0

trce -f "slova_impl1.pt" -o "slova_impl1.twr" "slova_impl1.ncd" "slova_impl1.prf"
trce:  version Diamond (64-bit) 3.11.0.396.4

Copyright (c) 1991-1994 by NeoCAD Inc. All rights reserved.
Copyright (c) 1995 AT&T Corp.   All rights reserved.
Copyright (c) 1995-2001 Lucent Technologies Inc.  All rights reserved.
Copyright (c) 2001 Agere Systems   All rights reserved.
Copyright (c) 2002-2019 Lattice Semiconductor Corporation,  All rights reserved.

Loading design for application trce from file slova_impl1.ncd.
Design name: slova
NCD version: 3.3
Vendor:      LATTICE
Device:      LFXP2-8E
Package:     TQFP144
Performance: 5
Loading device for application trce from file 'mg5a33x38.nph' in environment: C:/lscc/diamond/3.11_x64/ispfpga.
Package Status:                     Final          Version 1.47.
Performance Hardware Data Status:   Final          Version 11.5.
Setup and Hold Report

--------------------------------------------------------------------------------
Lattice TRACE Report - Setup, Version Diamond (64-bit) 3.11.0.396.4
Wed Dec 02 23:22:32 2020

Copyright (c) 1991-1994 by NeoCAD Inc. All rights reserved.
Copyright (c) 1995 AT&T Corp.   All rights reserved.
Copyright (c) 1995-2001 Lucent Technologies Inc.  All rights reserved.
Copyright (c) 2001 Agere Systems   All rights reserved.
Copyright (c) 2002-2019 Lattice Semiconductor Corporation,  All rights reserved.

Report Information
------------------
Command line:    trce -v 10 -gt -sethld -sp 5 -sphld m -o slova_impl1.twr -gui slova_impl1.ncd slova_impl1.prf 
Design file:     slova_impl1.ncd
Preference file: slova_impl1.prf
Device,speed:    LFXP2-8E,5
Report level:    verbose report, limited to 10 items per preference
--------------------------------------------------------------------------------

BLOCK ASYNCPATHS
BLOCK RESETPATHS
BLOCK JTAG PATHS
--------------------------------------------------------------------------------



Timing summary (Setup):
---------------

Timing errors: 0  Score: 0
Cumulative negative slack: 0

Constraints cover 2019 paths, 1 nets, and 659 connections (90.15% coverage)

--------------------------------------------------------------------------------
Lattice TRACE Report - Hold, Version Diamond (64-bit) 3.11.0.396.4
Wed Dec 02 23:22:32 2020

Copyright (c) 1991-1994 by NeoCAD Inc. All rights reserved.
Copyright (c) 1995 AT&T Corp.   All rights reserved.
Copyright (c) 1995-2001 Lucent Technologies Inc.  All rights reserved.
Copyright (c) 2001 Agere Systems   All rights reserved.
Copyright (c) 2002-2019 Lattice Semiconductor Corporation,  All rights reserved.

Report Information
------------------
Command line:    trce -v 10 -gt -sethld -sp 5 -sphld m -o slova_impl1.twr -gui slova_impl1.ncd slova_impl1.prf 
Design file:     slova_impl1.ncd
Preference file: slova_impl1.prf
Device,speed:    LFXP2-8E,m
Report level:    verbose report, limited to 10 items per preference
--------------------------------------------------------------------------------

BLOCK ASYNCPATHS
BLOCK RESETPATHS
BLOCK JTAG PATHS
--------------------------------------------------------------------------------



Timing summary (Hold):
---------------

Timing errors: 0  Score: 0
Cumulative negative slack: 0

Constraints cover 2019 paths, 1 nets, and 659 connections (90.15% coverage)



Timing summary (Setup and Hold):
---------------

Timing errors: 0 (setup), 0 (hold)
Score: 0 (setup), 0 (hold)
Cumulative negative slack: 0 (0+0)
--------------------------------------------------------------------------------

--------------------------------------------------------------------------------

Total CPU Time: 1 secs 
Total REAL Time: 2 secs 
Peak Memory Usage: 164 MB


ibisgen "slova_impl1.pad" "C:/lscc/diamond/3.11_x64/cae_library/ibis/xp2.ibs"   
IBIS Models Generator: Lattice Diamond (64-bit) 3.11.0.396.4

Wed Dec 02 23:22:33 2020

Comp: btn_center
 Site: 22
 Type: IN
 IO_TYPE=LVCMOS33 
 SLEW=FAST 
 PULL=DOWN 
-----------------------
Comp: btn_down
 Site: 1
 Type: IN
 IO_TYPE=LVCMOS33 
 SLEW=FAST 
 PULL=DOWN 
-----------------------
Comp: btn_left
 Site: 2
 Type: IN
 IO_TYPE=LVCMOS33 
 SLEW=FAST 
 PULL=DOWN 
-----------------------
Comp: btn_right
 Site: 38
 Type: IN
 IO_TYPE=LVCMOS33 
 SLEW=FAST 
 PULL=DOWN 
-----------------------
Comp: btn_up
 Site: 11
 Type: IN
 IO_TYPE=LVCMOS33 
 SLEW=FAST 
 PULL=DOWN 
-----------------------
Comp: clk_25m
 Site: 30
 Type: IN
 IO_TYPE=LVCMOS33 
 SLEW=FAST 
-----------------------
Comp: led[0]
 Site: 29
 Type: OUT
 IO_TYPE=LVCMOS33 
 DRIVE=12mA 
 SLEW=FAST 
-----------------------
Comp: led[1]
 Site: 37
 Type: OUT
 IO_TYPE=LVCMOS33 
 DRIVE=12mA 
 SLEW=FAST 
-----------------------
Comp: led[2]
 Site: 36
 Type: OUT
 IO_TYPE=LVCMOS33 
 DRIVE=12mA 
 SLEW=FAST 
-----------------------
Comp: led[3]
 Site: 35
 Type: OUT
 IO_TYPE=LVCMOS33 
 DRIVE=12mA 
 SLEW=FAST 
-----------------------
Comp: led[4]
 Site: 144
 Type: OUT
 IO_TYPE=LVCMOS33 
 DRIVE=12mA 
 SLEW=FAST 
-----------------------
Comp: led[5]
 Site: 5
 Type: OUT
 IO_TYPE=LVCMOS33 
 DRIVE=12mA 
 SLEW=FAST 
-----------------------
Comp: led[6]
 Site: 6
 Type: OUT
 IO_TYPE=LVCMOS33 
 DRIVE=12mA 
 SLEW=FAST 
-----------------------
Comp: led[7]
 Site: 138
 Type: OUT
 IO_TYPE=LVCMOS33 
 DRIVE=12mA 
 SLEW=FAST 
-----------------------
Comp: rs232_tx
 Site: 137
 Type: OUT
 IO_TYPE=LVCMOS33 
 DRIVE=12mA 
 SLEW=FAST 
-----------------------
Comp: sw[0]
 Site: 45
 Type: IN
 IO_TYPE=LVCMOS33 
 SLEW=FAST 
 PULL=DOWN 
-----------------------
Created design models.


Generating: C:\Users\boris\slova\impl1\IBIS\slova_impl1.ibs


    <postMsg mid="1191031" type="Info"    dynamic="0" navigation="0"  />

ldbanno "slova_impl1.ncd" -n Verilog  -o "slova_impl1_vo.vo"        -w -neg
ldbanno: version Diamond (64-bit) 3.11.0.396.4
Copyright (c) 1991-1994 by NeoCAD Inc. All rights reserved.
Copyright (c) 1995 AT&T Corp.   All rights reserved.
Copyright (c) 1995-2001 Lucent Technologies Inc.  All rights reserved.
Copyright (c) 2001 Agere Systems   All rights reserved.
Copyright (c) 2002-2019 Lattice Semiconductor Corporation,  All rights reserved.

Writing a Verilog netlist using the orca library type based on the slova_impl1 design file.


Loading design for application ldbanno from file slova_impl1.ncd.
Design name: slova
NCD version: 3.3
Vendor:      LATTICE
Device:      LFXP2-8E
Package:     TQFP144
Performance: 5
Loading device for application ldbanno from file 'mg5a33x38.nph' in environment: C:/lscc/diamond/3.11_x64/ispfpga.
Package Status:                     Final          Version 1.47.
Performance Hardware Data Status:   Final          Version 11.5.
Converting design slova_impl1.ncd into .ldb format.
Loading preferences from slova_impl1.prf.
Writing Verilog netlist to file slova_impl1_vo.vo
Writing SDF timing to file slova_impl1_vo.sdf
    <postMsg mid="35400250" type="Info"    dynamic="1" navigation="0" arg0="0"  />
Total CPU Time: 1 secs 
Total REAL Time: 0 secs 
Peak Memory Usage: 127 MB

ldbanno "slova_impl1.ncd" -n VHDL -o "slova_impl1_vho.vho"        -w -neg 
ldbanno: version Diamond (64-bit) 3.11.0.396.4
Copyright (c) 1991-1994 by NeoCAD Inc. All rights reserved.
Copyright (c) 1995 AT&T Corp.   All rights reserved.
Copyright (c) 1995-2001 Lucent Technologies Inc.  All rights reserved.
Copyright (c) 2001 Agere Systems   All rights reserved.
Copyright (c) 2002-2019 Lattice Semiconductor Corporation,  All rights reserved.

Writing a VHDL netlist using the orca library type based on the slova_impl1 design file.


Loading design for application ldbanno from file slova_impl1.ncd.
Design name: slova
NCD version: 3.3
Vendor:      LATTICE
Device:      LFXP2-8E
Package:     TQFP144
Performance: 5
Loading device for application ldbanno from file 'mg5a33x38.nph' in environment: C:/lscc/diamond/3.11_x64/ispfpga.
Package Status:                     Final          Version 1.47.
Performance Hardware Data Status:   Final          Version 11.5.
Converting design slova_impl1.ncd into .ldb format.
Loading preferences from slova_impl1.prf.
Writing VHDL netlist to file slova_impl1_vho.vho
Writing SDF timing to file slova_impl1_vho.sdf
    <postMsg mid="35400250" type="Info"    dynamic="1" navigation="0" arg0="0"  />
Total CPU Time: 1 secs 
Total REAL Time: 2 secs 
Peak Memory Usage: 127 MB

tmcheck -par "slova_impl1.par" 

bitgen -f "slova_impl1.t2b" -w "slova_impl1.ncd" -jedec -e -s "C:/Users/boris/slova/slova.sec" -k "C:/Users/boris/slova/slova.bek" "slova_impl1.prf"


BITGEN: Bitstream Generator Diamond (64-bit) 3.11.0.396.4
Copyright (c) 1991-1994 by NeoCAD Inc. All rights reserved.
Copyright (c) 1995 AT&T Corp.   All rights reserved.
Copyright (c) 1995-2001 Lucent Technologies Inc.  All rights reserved.
Copyright (c) 2001 Agere Systems   All rights reserved.
Copyright (c) 2002-2019 Lattice Semiconductor Corporation,  All rights reserved.


Loading design for application Bitgen from file slova_impl1.ncd.
Design name: slova
NCD version: 3.3
Vendor:      LATTICE
Device:      LFXP2-8E
Package:     TQFP144
Performance: 5
Loading device for application Bitgen from file 'mg5a33x38.nph' in environment: C:/lscc/diamond/3.11_x64/ispfpga.
Package Status:                     Final          Version 1.47.
Performance Hardware Data Status:   Final          Version 11.5.

Running DRC.
DRC detected 0 errors and 0 warnings.
Reading Preference File from slova_impl1.prf.

Preference Summary:
+---------------------------------+---------------------------------+
|  Preference                     |  Current Setting                |
+---------------------------------+---------------------------------+
|                         RamCfg  |                        Reset**  |
+---------------------------------+---------------------------------+
|                        DONE_EX  |                          OFF**  |
+---------------------------------+---------------------------------+
|                        DONE_OD  |                           ON**  |
+---------------------------------+---------------------------------+
|                  CONFIG_SECURE  |                          OFF**  |
+---------------------------------+---------------------------------+
|                        WAKE_UP  |                           21**  |
+---------------------------------+---------------------------------+
|                   WAKE_ON_LOCK  |                          OFF**  |
+---------------------------------+---------------------------------+
|                          INBUF  |                           ON**  |
+---------------------------------+---------------------------------+
|                     TAG_MEMORY  |                       NORMAL**  |
+---------------------------------+---------------------------------+
|                        MY_ASSP  |                          OFF**  |
+---------------------------------+---------------------------------+
|               ONE_TIME_PROGRAM  |                          OFF**  |
+---------------------------------+---------------------------------+
|                 SLAVE_SPI_PORT  |                      DISABLE**  |
+---------------------------------+---------------------------------+
|                MASTER_SPI_PORT  |                      DISABLE**  |
+---------------------------------+---------------------------------+
|                     DisableUES  |                        FALSE**  |
+---------------------------------+---------------------------------+
 *  Default setting.
 ** The specified setting matches the default setting.


Creating bit map...
Saving bit stream in "slova_impl1.jed".
Total CPU Time: 2 secs 
Total REAL Time: 3 secs 
Peak Memory Usage: 296 MB
