
Copyright (C) 1994-2018 Synopsys, Inc.
This Synopsys software and all associated documentation are proprietary to Synopsys, Inc.
and may only be used pursuant to the terms and conditions of a written license agreement
with Synopsys, Inc. All other use, reproduction, modification, or distribution of the
Synopsys software or the associated documentation is strictly prohibited.
Tool: Synplify Pro (R)
Build: N-2018.03L-SP1-1
Install: C:\lscc\diamond\3.11_x64\synpbase
OS: Windows 6.2

Hostname: DESKTOP-PNMJ1CD

Implementation : impl1

# Written on Thu Dec 10 21:26:05 2020

##### FILES SYNTAX CHECKED ##############################################
Constraint File(s):      (none)

#Run constraint checker to find more issues with constraints.
#########################################################################



No issues found in constraint syntax.



Clock Summary
*************

          Start                                    Requested     Requested     Clock                            Clock                   Clock
Level     Clock                                    Frequency     Period        Type                             Group                   Load 
---------------------------------------------------------------------------------------------------------------------------------------------
0 -       count|clk_25m                            200.0 MHz     5.000         inferred                         Inferred_clkgroup_0     34   
1 .         debouncer|R_key_last_derived_clock     200.0 MHz     5.000         derived (from count|clk_25m)     Inferred_clkgroup_0     8    
=============================================================================================================================================


Clock Load Summary
******************

                                       Clock     Source                                Clock Pin                    Non-clock Pin     Non-clock Pin
Clock                                  Load      Pin                                   Seq Example                  Seq Example       Comb Example 
---------------------------------------------------------------------------------------------------------------------------------------------------
count|clk_25m                          34        clk_25m(port)                         I_debouncer.R_key_sync.C     -                 -            
debouncer|R_key_last_derived_clock     8         I_debouncer.R_key_last.Q[0](dffe)     R[7:0].C                     -                 -            
===================================================================================================================================================
